[ ]{0: LDARGS}
[ ]{1: CALL 0 5}
[ 4 -999 ]{5: INCSP 5}
[ 4 -999 0 0 0 0 0 ]{7: GETSP}
[ 4 -999 0 0 0 0 0 6 ]{8: CSTI 4}
[ 4 -999 0 0 0 0 0 6 4 ]{10: SUB}
[ 4 -999 0 0 0 0 0 2 ]{11: INCSP 7}
[ 4 -999 0 0 0 0 0 2 4 0 0 0 0 0 0 ]{13: GETSP}
[ 4 -999 0 0 0 0 0 2 4 0 0 0 0 0 0 14 ]{14: CSTI 6}
[ 4 -999 0 0 0 0 0 2 4 0 0 0 0 0 0 14 6 ]{16: SUB}
[ 4 -999 0 0 0 0 0 2 4 0 0 0 0 0 0 8 ]{17: GETBP}
[ 4 -999 0 0 0 0 0 2 4 0 0 0 0 0 0 8 2 ]{18: CSTI 13}
[ 4 -999 0 0 0 0 0 2 4 0 0 0 0 0 0 8 2 13 ]{20: ADD}
[ 4 -999 0 0 0 0 0 2 4 0 0 0 0 0 0 8 15 ]{21: LDI}
[ 4 -999 0 0 0 0 0 2 4 0 0 0 0 0 0 8 8 ]{22: CSTI 1}
[ 4 -999 0 0 0 0 0 2 4 0 0 0 0 0 0 8 8 1 ]{24: STI}
[ 4 -999 0 0 0 0 0 2 1 0 0 0 0 0 0 8 1 ]{25: INCSP -1}
[ 4 -999 0 0 0 0 0 2 1 0 0 0 0 0 0 8 ]{27: GETBP}
[ 4 -999 0 0 0 0 0 2 1 0 0 0 0 0 0 8 2 ]{28: CSTI 13}
[ 4 -999 0 0 0 0 0 2 1 0 0 0 0 0 0 8 2 13 ]{30: ADD}
[ 4 -999 0 0 0 0 0 2 1 0 0 0 0 0 0 8 15 ]{31: LDI}
[ 4 -999 0 0 0 0 0 2 1 0 0 0 0 0 0 8 8 ]{32: CSTI 1}
[ 4 -999 0 0 0 0 0 2 1 0 0 0 0 0 0 8 8 1 ]{34: ADD}
[ 4 -999 0 0 0 0 0 2 1 0 0 0 0 0 0 8 9 ]{35: CSTI 2}
[ 4 -999 0 0 0 0 0 2 1 0 0 0 0 0 0 8 9 2 ]{37: STI}
[ 4 -999 0 0 0 0 0 2 1 2 0 0 0 0 0 8 2 ]{38: INCSP -1}
[ 4 -999 0 0 0 0 0 2 1 2 0 0 0 0 0 8 ]{40: GETBP}
[ 4 -999 0 0 0 0 0 2 1 2 0 0 0 0 0 8 2 ]{41: CSTI 13}
[ 4 -999 0 0 0 0 0 2 1 2 0 0 0 0 0 8 2 13 ]{43: ADD}
[ 4 -999 0 0 0 0 0 2 1 2 0 0 0 0 0 8 15 ]{44: LDI}
[ 4 -999 0 0 0 0 0 2 1 2 0 0 0 0 0 8 8 ]{45: CSTI 2}
[ 4 -999 0 0 0 0 0 2 1 2 0 0 0 0 0 8 8 2 ]{47: ADD}
[ 4 -999 0 0 0 0 0 2 1 2 0 0 0 0 0 8 10 ]{48: CSTI 1}
[ 4 -999 0 0 0 0 0 2 1 2 0 0 0 0 0 8 10 1 ]{50: STI}
[ 4 -999 0 0 0 0 0 2 1 2 1 0 0 0 0 8 1 ]{51: INCSP -1}
[ 4 -999 0 0 0 0 0 2 1 2 1 0 0 0 0 8 ]{53: GETBP}
[ 4 -999 0 0 0 0 0 2 1 2 1 0 0 0 0 8 2 ]{54: CSTI 13}
[ 4 -999 0 0 0 0 0 2 1 2 1 0 0 0 0 8 2 13 ]{56: ADD}
[ 4 -999 0 0 0 0 0 2 1 2 1 0 0 0 0 8 15 ]{57: LDI}
[ 4 -999 0 0 0 0 0 2 1 2 1 0 0 0 0 8 8 ]{58: CSTI 3}
[ 4 -999 0 0 0 0 0 2 1 2 1 0 0 0 0 8 8 3 ]{60: ADD}
[ 4 -999 0 0 0 0 0 2 1 2 1 0 0 0 0 8 11 ]{61: CSTI 1}
[ 4 -999 0 0 0 0 0 2 1 2 1 0 0 0 0 8 11 1 ]{63: STI}
[ 4 -999 0 0 0 0 0 2 1 2 1 1 0 0 0 8 1 ]{64: INCSP -1}
[ 4 -999 0 0 0 0 0 2 1 2 1 1 0 0 0 8 ]{66: GETBP}
[ 4 -999 0 0 0 0 0 2 1 2 1 1 0 0 0 8 2 ]{67: CSTI 13}
[ 4 -999 0 0 0 0 0 2 1 2 1 1 0 0 0 8 2 13 ]{69: ADD}
[ 4 -999 0 0 0 0 0 2 1 2 1 1 0 0 0 8 15 ]{70: LDI}
[ 4 -999 0 0 0 0 0 2 1 2 1 1 0 0 0 8 8 ]{71: CSTI 4}
[ 4 -999 0 0 0 0 0 2 1 2 1 1 0 0 0 8 8 4 ]{73: ADD}
[ 4 -999 0 0 0 0 0 2 1 2 1 1 0 0 0 8 12 ]{74: CSTI 1}
[ 4 -999 0 0 0 0 0 2 1 2 1 1 0 0 0 8 12 1 ]{76: STI}
[ 4 -999 0 0 0 0 0 2 1 2 1 1 1 0 0 8 1 ]{77: INCSP -1}
[ 4 -999 0 0 0 0 0 2 1 2 1 1 1 0 0 8 ]{79: GETBP}
[ 4 -999 0 0 0 0 0 2 1 2 1 1 1 0 0 8 2 ]{80: CSTI 13}
[ 4 -999 0 0 0 0 0 2 1 2 1 1 1 0 0 8 2 13 ]{82: ADD}
[ 4 -999 0 0 0 0 0 2 1 2 1 1 1 0 0 8 15 ]{83: LDI}
[ 4 -999 0 0 0 0 0 2 1 2 1 1 1 0 0 8 8 ]{84: CSTI 5}
[ 4 -999 0 0 0 0 0 2 1 2 1 1 1 0 0 8 8 5 ]{86: ADD}
[ 4 -999 0 0 0 0 0 2 1 2 1 1 1 0 0 8 13 ]{87: CSTI 2}
[ 4 -999 0 0 0 0 0 2 1 2 1 1 1 0 0 8 13 2 ]{89: STI}
[ 4 -999 0 0 0 0 0 2 1 2 1 1 1 2 0 8 2 ]{90: INCSP -1}
[ 4 -999 0 0 0 0 0 2 1 2 1 1 1 2 0 8 ]{92: GETBP}
[ 4 -999 0 0 0 0 0 2 1 2 1 1 1 2 0 8 2 ]{93: CSTI 13}
[ 4 -999 0 0 0 0 0 2 1 2 1 1 1 2 0 8 2 13 ]{95: ADD}
[ 4 -999 0 0 0 0 0 2 1 2 1 1 1 2 0 8 15 ]{96: LDI}
[ 4 -999 0 0 0 0 0 2 1 2 1 1 1 2 0 8 8 ]{97: CSTI 6}
[ 4 -999 0 0 0 0 0 2 1 2 1 1 1 2 0 8 8 6 ]{99: ADD}
[ 4 -999 0 0 0 0 0 2 1 2 1 1 1 2 0 8 14 ]{100: CSTI 0}
[ 4 -999 0 0 0 0 0 2 1 2 1 1 1 2 0 8 14 0 ]{102: STI}
[ 4 -999 0 0 0 0 0 2 1 2 1 1 1 2 0 8 0 ]{103: INCSP -1}
[ 4 -999 0 0 0 0 0 2 1 2 1 1 1 2 0 8 ]{105: CSTI 7}
[ 4 -999 0 0 0 0 0 2 1 2 1 1 1 2 0 8 7 ]{107: GETBP}
[ 4 -999 0 0 0 0 0 2 1 2 1 1 1 2 0 8 7 2 ]{108: CSTI 13}
[ 4 -999 0 0 0 0 0 2 1 2 1 1 1 2 0 8 7 2 13 ]{110: ADD}
[ 4 -999 0 0 0 0 0 2 1 2 1 1 1 2 0 8 7 15 ]{111: LDI}
[ 4 -999 0 0 0 0 0 2 1 2 1 1 1 2 0 8 7 8 ]{112: CSTI 3}
[ 4 -999 0 0 0 0 0 2 1 2 1 1 1 2 0 8 7 8 3 ]{114: GETBP}
[ 4 -999 0 0 0 0 0 2 1 2 1 1 1 2 0 8 7 8 3 2 ]{115: CSTI 5}
[ 4 -999 0 0 0 0 0 2 1 2 1 1 1 2 0 8 7 8 3 2 5 ]{117: ADD}
[ 4 -999 0 0 0 0 0 2 1 2 1 1 1 2 0 8 7 8 3 7 ]{118: LDI}
[ 4 -999 0 0 0 0 0 2 1 2 1 1 1 2 0 8 7 8 3 2 ]{119: CALL 4 180}
[ 4 -999 0 0 0 0 0 2 1 2 1 1 1 2 0 8 122 2 7 8 3 2 ]{180: INCSP 1}
[ 4 -999 0 0 0 0 0 2 1 2 1 1 1 2 0 8 122 2 7 8 3 2 0 ]{182: INCSP 1}
[ 4 -999 0 0 0 0 0 2 1 2 1 1 1 2 0 8 122 2 7 8 3 2 0 0 ]{184: GETBP}
[ 4 -999 0 0 0 0 0 2 1 2 1 1 1 2 0 8 122 2 7 8 3 2 0 0 18 ]{185: CSTI 5}
[ 4 -999 0 0 0 0 0 2 1 2 1 1 1 2 0 8 122 2 7 8 3 2 0 0 18 5 ]{187: ADD}
[ 4 -999 0 0 0 0 0 2 1 2 1 1 1 2 0 8 122 2 7 8 3 2 0 0 23 ]{188: CSTI 0}
[ 4 -999 0 0 0 0 0 2 1 2 1 1 1 2 0 8 122 2 7 8 3 2 0 0 23 0 ]{190: STI}
[ 4 -999 0 0 0 0 0 2 1 2 1 1 1 2 0 8 122 2 7 8 3 2 0 0 0 ]{191: INCSP -1}
[ 4 -999 0 0 0 0 0 2 1 2 1 1 1 2 0 8 122 2 7 8 3 2 0 0 ]{193: GOTO 226}
[ 4 -999 0 0 0 0 0 2 1 2 1 1 1 2 0 8 122 2 7 8 3 2 0 0 ]{226: GETBP}
[ 4 -999 0 0 0 0 0 2 1 2 1 1 1 2 0 8 122 2 7 8 3 2 0 0 18 ]{227: CSTI 5}
[ 4 -999 0 0 0 0 0 2 1 2 1 1 1 2 0 8 122 2 7 8 3 2 0 0 18 5 ]{229: ADD}
[ 4 -999 0 0 0 0 0 2 1 2 1 1 1 2 0 8 122 2 7 8 3 2 0 0 23 ]{230: LDI}
[ 4 -999 0 0 0 0 0 2 1 2 1 1 1 2 0 8 122 2 7 8 3 2 0 0 0 ]{231: GETBP}
[ 4 -999 0 0 0 0 0 2 1 2 1 1 1 2 0 8 122 2 7 8 3 2 0 0 0 18 ]{232: CSTI 2}
[ 4 -999 0 0 0 0 0 2 1 2 1 1 1 2 0 8 122 2 7 8 3 2 0 0 0 18 2 ]{234: ADD}
[ 4 -999 0 0 0 0 0 2 1 2 1 1 1 2 0 8 122 2 7 8 3 2 0 0 0 20 ]{235: LDI}
[ 4 -999 0 0 0 0 0 2 1 2 1 1 1 2 0 8 122 2 7 8 3 2 0 0 0 3 ]{236: LT}
[ 4 -999 0 0 0 0 0 2 1 2 1 1 1 2 0 8 122 2 7 8 3 2 0 0 1 ]{237: IFNZRO 195}
[ 4 -999 0 0 0 0 0 2 1 2 1 1 1 2 0 8 122 2 7 8 3 2 0 0 ]{195: GETBP}
[ 4 -999 0 0 0 0 0 2 1 2 1 1 1 2 0 8 122 2 7 8 3 2 0 0 18 ]{196: CSTI 3}
[ 4 -999 0 0 0 0 0 2 1 2 1 1 1 2 0 8 122 2 7 8 3 2 0 0 18 3 ]{198: ADD}
[ 4 -999 0 0 0 0 0 2 1 2 1 1 1 2 0 8 122 2 7 8 3 2 0 0 21 ]{199: LDI}
[ 4 -999 0 0 0 0 0 2 1 2 1 1 1 2 0 8 122 2 7 8 3 2 0 0 2 ]{200: GETBP}
[ 4 -999 0 0 0 0 0 2 1 2 1 1 1 2 0 8 122 2 7 8 3 2 0 0 2 18 ]{201: CSTI 5}
[ 4 -999 0 0 0 0 0 2 1 2 1 1 1 2 0 8 122 2 7 8 3 2 0 0 2 18 5 ]{203: ADD}
[ 4 -999 0 0 0 0 0 2 1 2 1 1 1 2 0 8 122 2 7 8 3 2 0 0 2 23 ]{204: LDI}
[ 4 -999 0 0 0 0 0 2 1 2 1 1 1 2 0 8 122 2 7 8 3 2 0 0 2 0 ]{205: ADD}
[ 4 -999 0 0 0 0 0 2 1 2 1 1 1 2 0 8 122 2 7 8 3 2 0 0 2 ]{206: CSTI 0}
[ 4 -999 0 0 0 0 0 2 1 2 1 1 1 2 0 8 122 2 7 8 3 2 0 0 2 0 ]{208: STI}
[ 4 -999 0 0 0 0 0 2 1 2 1 1 1 2 0 8 122 2 7 8 3 2 0 0 0 ]{209: INCSP -1}
[ 4 -999 0 0 0 0 0 2 1 2 1 1 1 2 0 8 122 2 7 8 3 2 0 0 ]{211: GETBP}
[ 4 -999 0 0 0 0 0 2 1 2 1 1 1 2 0 8 122 2 7 8 3 2 0 0 18 ]{212: CSTI 5}
[ 4 -999 0 0 0 0 0 2 1 2 1 1 1 2 0 8 122 2 7 8 3 2 0 0 18 5 ]{214: ADD}
[ 4 -999 0 0 0 0 0 2 1 2 1 1 1 2 0 8 122 2 7 8 3 2 0 0 23 ]{215: GETBP}
[ 4 -999 0 0 0 0 0 2 1 2 1 1 1 2 0 8 122 2 7 8 3 2 0 0 23 18 ]{216: CSTI 5}
[ 4 -999 0 0 0 0 0 2 1 2 1 1 1 2 0 8 122 2 7 8 3 2 0 0 23 18 5 ]{218: ADD}
[ 4 -999 0 0 0 0 0 2 1 2 1 1 1 2 0 8 122 2 7 8 3 2 0 0 23 23 ]{219: LDI}
[ 4 -999 0 0 0 0 0 2 1 2 1 1 1 2 0 8 122 2 7 8 3 2 0 0 23 0 ]{220: CSTI 1}
[ 4 -999 0 0 0 0 0 2 1 2 1 1 1 2 0 8 122 2 7 8 3 2 0 0 23 0 1 ]{222: ADD}
[ 4 -999 0 0 0 0 0 2 1 2 1 1 1 2 0 8 122 2 7 8 3 2 0 0 23 1 ]{223: STI}
[ 4 -999 0 0 0 0 0 2 1 2 1 1 1 2 0 8 122 2 7 8 3 2 0 1 1 ]{224: INCSP -1}
[ 4 -999 0 0 0 0 0 2 1 2 1 1 1 2 0 8 122 2 7 8 3 2 0 1 ]{226: GETBP}
[ 4 -999 0 0 0 0 0 2 1 2 1 1 1 2 0 8 122 2 7 8 3 2 0 1 18 ]{227: CSTI 5}
[ 4 -999 0 0 0 0 0 2 1 2 1 1 1 2 0 8 122 2 7 8 3 2 0 1 18 5 ]{229: ADD}
[ 4 -999 0 0 0 0 0 2 1 2 1 1 1 2 0 8 122 2 7 8 3 2 0 1 23 ]{230: LDI}
[ 4 -999 0 0 0 0 0 2 1 2 1 1 1 2 0 8 122 2 7 8 3 2 0 1 1 ]{231: GETBP}
[ 4 -999 0 0 0 0 0 2 1 2 1 1 1 2 0 8 122 2 7 8 3 2 0 1 1 18 ]{232: CSTI 2}
[ 4 -999 0 0 0 0 0 2 1 2 1 1 1 2 0 8 122 2 7 8 3 2 0 1 1 18 2 ]{234: ADD}
[ 4 -999 0 0 0 0 0 2 1 2 1 1 1 2 0 8 122 2 7 8 3 2 0 1 1 20 ]{235: LDI}
[ 4 -999 0 0 0 0 0 2 1 2 1 1 1 2 0 8 122 2 7 8 3 2 0 1 1 3 ]{236: LT}
[ 4 -999 0 0 0 0 0 2 1 2 1 1 1 2 0 8 122 2 7 8 3 2 0 1 1 ]{237: IFNZRO 195}
[ 4 -999 0 0 0 0 0 2 1 2 1 1 1 2 0 8 122 2 7 8 3 2 0 1 ]{195: GETBP}
[ 4 -999 0 0 0 0 0 2 1 2 1 1 1 2 0 8 122 2 7 8 3 2 0 1 18 ]{196: CSTI 3}
[ 4 -999 0 0 0 0 0 2 1 2 1 1 1 2 0 8 122 2 7 8 3 2 0 1 18 3 ]{198: ADD}
[ 4 -999 0 0 0 0 0 2 1 2 1 1 1 2 0 8 122 2 7 8 3 2 0 1 21 ]{199: LDI}
[ 4 -999 0 0 0 0 0 2 1 2 1 1 1 2 0 8 122 2 7 8 3 2 0 1 2 ]{200: GETBP}
[ 4 -999 0 0 0 0 0 2 1 2 1 1 1 2 0 8 122 2 7 8 3 2 0 1 2 18 ]{201: CSTI 5}
[ 4 -999 0 0 0 0 0 2 1 2 1 1 1 2 0 8 122 2 7 8 3 2 0 1 2 18 5 ]{203: ADD}
[ 4 -999 0 0 0 0 0 2 1 2 1 1 1 2 0 8 122 2 7 8 3 2 0 1 2 23 ]{204: LDI}
[ 4 -999 0 0 0 0 0 2 1 2 1 1 1 2 0 8 122 2 7 8 3 2 0 1 2 1 ]{205: ADD}
[ 4 -999 0 0 0 0 0 2 1 2 1 1 1 2 0 8 122 2 7 8 3 2 0 1 3 ]{206: CSTI 0}
[ 4 -999 0 0 0 0 0 2 1 2 1 1 1 2 0 8 122 2 7 8 3 2 0 1 3 0 ]{208: STI}
[ 4 -999 0 0 0 0 0 2 1 2 1 1 1 2 0 8 122 2 7 8 3 2 0 1 0 ]{209: INCSP -1}
[ 4 -999 0 0 0 0 0 2 1 2 1 1 1 2 0 8 122 2 7 8 3 2 0 1 ]{211: GETBP}
[ 4 -999 0 0 0 0 0 2 1 2 1 1 1 2 0 8 122 2 7 8 3 2 0 1 18 ]{212: CSTI 5}
[ 4 -999 0 0 0 0 0 2 1 2 1 1 1 2 0 8 122 2 7 8 3 2 0 1 18 5 ]{214: ADD}
[ 4 -999 0 0 0 0 0 2 1 2 1 1 1 2 0 8 122 2 7 8 3 2 0 1 23 ]{215: GETBP}
[ 4 -999 0 0 0 0 0 2 1 2 1 1 1 2 0 8 122 2 7 8 3 2 0 1 23 18 ]{216: CSTI 5}
[ 4 -999 0 0 0 0 0 2 1 2 1 1 1 2 0 8 122 2 7 8 3 2 0 1 23 18 5 ]{218: ADD}
[ 4 -999 0 0 0 0 0 2 1 2 1 1 1 2 0 8 122 2 7 8 3 2 0 1 23 23 ]{219: LDI}
[ 4 -999 0 0 0 0 0 2 1 2 1 1 1 2 0 8 122 2 7 8 3 2 0 1 23 1 ]{220: CSTI 1}
[ 4 -999 0 0 0 0 0 2 1 2 1 1 1 2 0 8 122 2 7 8 3 2 0 1 23 1 1 ]{222: ADD}
[ 4 -999 0 0 0 0 0 2 1 2 1 1 1 2 0 8 122 2 7 8 3 2 0 1 23 2 ]{223: STI}
[ 4 -999 0 0 0 0 0 2 1 2 1 1 1 2 0 8 122 2 7 8 3 2 0 2 2 ]{224: INCSP -1}
[ 4 -999 0 0 0 0 0 2 1 2 1 1 1 2 0 8 122 2 7 8 3 2 0 2 ]{226: GETBP}
[ 4 -999 0 0 0 0 0 2 1 2 1 1 1 2 0 8 122 2 7 8 3 2 0 2 18 ]{227: CSTI 5}
[ 4 -999 0 0 0 0 0 2 1 2 1 1 1 2 0 8 122 2 7 8 3 2 0 2 18 5 ]{229: ADD}
[ 4 -999 0 0 0 0 0 2 1 2 1 1 1 2 0 8 122 2 7 8 3 2 0 2 23 ]{230: LDI}
[ 4 -999 0 0 0 0 0 2 1 2 1 1 1 2 0 8 122 2 7 8 3 2 0 2 2 ]{231: GETBP}
[ 4 -999 0 0 0 0 0 2 1 2 1 1 1 2 0 8 122 2 7 8 3 2 0 2 2 18 ]{232: CSTI 2}
[ 4 -999 0 0 0 0 0 2 1 2 1 1 1 2 0 8 122 2 7 8 3 2 0 2 2 18 2 ]{234: ADD}
[ 4 -999 0 0 0 0 0 2 1 2 1 1 1 2 0 8 122 2 7 8 3 2 0 2 2 20 ]{235: LDI}
[ 4 -999 0 0 0 0 0 2 1 2 1 1 1 2 0 8 122 2 7 8 3 2 0 2 2 3 ]{236: LT}
[ 4 -999 0 0 0 0 0 2 1 2 1 1 1 2 0 8 122 2 7 8 3 2 0 2 1 ]{237: IFNZRO 195}
[ 4 -999 0 0 0 0 0 2 1 2 1 1 1 2 0 8 122 2 7 8 3 2 0 2 ]{195: GETBP}
[ 4 -999 0 0 0 0 0 2 1 2 1 1 1 2 0 8 122 2 7 8 3 2 0 2 18 ]{196: CSTI 3}
[ 4 -999 0 0 0 0 0 2 1 2 1 1 1 2 0 8 122 2 7 8 3 2 0 2 18 3 ]{198: ADD}
[ 4 -999 0 0 0 0 0 2 1 2 1 1 1 2 0 8 122 2 7 8 3 2 0 2 21 ]{199: LDI}
[ 4 -999 0 0 0 0 0 2 1 2 1 1 1 2 0 8 122 2 7 8 3 2 0 2 2 ]{200: GETBP}
[ 4 -999 0 0 0 0 0 2 1 2 1 1 1 2 0 8 122 2 7 8 3 2 0 2 2 18 ]{201: CSTI 5}
[ 4 -999 0 0 0 0 0 2 1 2 1 1 1 2 0 8 122 2 7 8 3 2 0 2 2 18 5 ]{203: ADD}
[ 4 -999 0 0 0 0 0 2 1 2 1 1 1 2 0 8 122 2 7 8 3 2 0 2 2 23 ]{204: LDI}
[ 4 -999 0 0 0 0 0 2 1 2 1 1 1 2 0 8 122 2 7 8 3 2 0 2 2 2 ]{205: ADD}
[ 4 -999 0 0 0 0 0 2 1 2 1 1 1 2 0 8 122 2 7 8 3 2 0 2 4 ]{206: CSTI 0}
[ 4 -999 0 0 0 0 0 2 1 2 1 1 1 2 0 8 122 2 7 8 3 2 0 2 4 0 ]{208: STI}
[ 4 -999 0 0 0 0 0 2 1 2 1 1 1 2 0 8 122 2 7 8 3 2 0 2 0 ]{209: INCSP -1}
[ 4 -999 0 0 0 0 0 2 1 2 1 1 1 2 0 8 122 2 7 8 3 2 0 2 ]{211: GETBP}
[ 4 -999 0 0 0 0 0 2 1 2 1 1 1 2 0 8 122 2 7 8 3 2 0 2 18 ]{212: CSTI 5}
[ 4 -999 0 0 0 0 0 2 1 2 1 1 1 2 0 8 122 2 7 8 3 2 0 2 18 5 ]{214: ADD}
[ 4 -999 0 0 0 0 0 2 1 2 1 1 1 2 0 8 122 2 7 8 3 2 0 2 23 ]{215: GETBP}
[ 4 -999 0 0 0 0 0 2 1 2 1 1 1 2 0 8 122 2 7 8 3 2 0 2 23 18 ]{216: CSTI 5}
[ 4 -999 0 0 0 0 0 2 1 2 1 1 1 2 0 8 122 2 7 8 3 2 0 2 23 18 5 ]{218: ADD}
[ 4 -999 0 0 0 0 0 2 1 2 1 1 1 2 0 8 122 2 7 8 3 2 0 2 23 23 ]{219: LDI}
[ 4 -999 0 0 0 0 0 2 1 2 1 1 1 2 0 8 122 2 7 8 3 2 0 2 23 2 ]{220: CSTI 1}
[ 4 -999 0 0 0 0 0 2 1 2 1 1 1 2 0 8 122 2 7 8 3 2 0 2 23 2 1 ]{222: ADD}
[ 4 -999 0 0 0 0 0 2 1 2 1 1 1 2 0 8 122 2 7 8 3 2 0 2 23 3 ]{223: STI}
[ 4 -999 0 0 0 0 0 2 1 2 1 1 1 2 0 8 122 2 7 8 3 2 0 3 3 ]{224: INCSP -1}
[ 4 -999 0 0 0 0 0 2 1 2 1 1 1 2 0 8 122 2 7 8 3 2 0 3 ]{226: GETBP}
[ 4 -999 0 0 0 0 0 2 1 2 1 1 1 2 0 8 122 2 7 8 3 2 0 3 18 ]{227: CSTI 5}
[ 4 -999 0 0 0 0 0 2 1 2 1 1 1 2 0 8 122 2 7 8 3 2 0 3 18 5 ]{229: ADD}
[ 4 -999 0 0 0 0 0 2 1 2 1 1 1 2 0 8 122 2 7 8 3 2 0 3 23 ]{230: LDI}
[ 4 -999 0 0 0 0 0 2 1 2 1 1 1 2 0 8 122 2 7 8 3 2 0 3 3 ]{231: GETBP}
[ 4 -999 0 0 0 0 0 2 1 2 1 1 1 2 0 8 122 2 7 8 3 2 0 3 3 18 ]{232: CSTI 2}
[ 4 -999 0 0 0 0 0 2 1 2 1 1 1 2 0 8 122 2 7 8 3 2 0 3 3 18 2 ]{234: ADD}
[ 4 -999 0 0 0 0 0 2 1 2 1 1 1 2 0 8 122 2 7 8 3 2 0 3 3 20 ]{235: LDI}
[ 4 -999 0 0 0 0 0 2 1 2 1 1 1 2 0 8 122 2 7 8 3 2 0 3 3 3 ]{236: LT}
[ 4 -999 0 0 0 0 0 2 1 2 1 1 1 2 0 8 122 2 7 8 3 2 0 3 0 ]{237: IFNZRO 195}
[ 4 -999 0 0 0 0 0 2 1 2 1 1 1 2 0 8 122 2 7 8 3 2 0 3 ]{239: GETBP}
[ 4 -999 0 0 0 0 0 2 1 2 1 1 1 2 0 8 122 2 7 8 3 2 0 3 18 ]{240: CSTI 5}
[ 4 -999 0 0 0 0 0 2 1 2 1 1 1 2 0 8 122 2 7 8 3 2 0 3 18 5 ]{242: ADD}
[ 4 -999 0 0 0 0 0 2 1 2 1 1 1 2 0 8 122 2 7 8 3 2 0 3 23 ]{243: CSTI 0}
[ 4 -999 0 0 0 0 0 2 1 2 1 1 1 2 0 8 122 2 7 8 3 2 0 3 23 0 ]{245: STI}
[ 4 -999 0 0 0 0 0 2 1 2 1 1 1 2 0 8 122 2 7 8 3 2 0 0 0 ]{246: INCSP -1}
[ 4 -999 0 0 0 0 0 2 1 2 1 1 1 2 0 8 122 2 7 8 3 2 0 0 ]{248: GOTO 313}
[ 4 -999 0 0 0 0 0 2 1 2 1 1 1 2 0 8 122 2 7 8 3 2 0 0 ]{313: GETBP}
[ 4 -999 0 0 0 0 0 2 1 2 1 1 1 2 0 8 122 2 7 8 3 2 0 0 18 ]{314: CSTI 5}
[ 4 -999 0 0 0 0 0 2 1 2 1 1 1 2 0 8 122 2 7 8 3 2 0 0 18 5 ]{316: ADD}
[ 4 -999 0 0 0 0 0 2 1 2 1 1 1 2 0 8 122 2 7 8 3 2 0 0 23 ]{317: LDI}
[ 4 -999 0 0 0 0 0 2 1 2 1 1 1 2 0 8 122 2 7 8 3 2 0 0 0 ]{318: GETBP}
[ 4 -999 0 0 0 0 0 2 1 2 1 1 1 2 0 8 122 2 7 8 3 2 0 0 0 18 ]{319: LDI}
[ 4 -999 0 0 0 0 0 2 1 2 1 1 1 2 0 8 122 2 7 8 3 2 0 0 0 7 ]{320: LT}
[ 4 -999 0 0 0 0 0 2 1 2 1 1 1 2 0 8 122 2 7 8 3 2 0 0 1 ]{321: IFNZRO 250}
[ 4 -999 0 0 0 0 0 2 1 2 1 1 1 2 0 8 122 2 7 8 3 2 0 0 ]{250: GETBP}
[ 4 -999 0 0 0 0 0 2 1 2 1 1 1 2 0 8 122 2 7 8 3 2 0 0 18 ]{251: CSTI 4}
[ 4 -999 0 0 0 0 0 2 1 2 1 1 1 2 0 8 122 2 7 8 3 2 0 0 18 4 ]{253: ADD}
[ 4 -999 0 0 0 0 0 2 1 2 1 1 1 2 0 8 122 2 7 8 3 2 0 0 22 ]{254: GETBP}
[ 4 -999 0 0 0 0 0 2 1 2 1 1 1 2 0 8 122 2 7 8 3 2 0 0 22 18 ]{255: CSTI 1}
[ 4 -999 0 0 0 0 0 2 1 2 1 1 1 2 0 8 122 2 7 8 3 2 0 0 22 18 1 ]{257: ADD}
[ 4 -999 0 0 0 0 0 2 1 2 1 1 1 2 0 8 122 2 7 8 3 2 0 0 22 19 ]{258: LDI}
[ 4 -999 0 0 0 0 0 2 1 2 1 1 1 2 0 8 122 2 7 8 3 2 0 0 22 8 ]{259: GETBP}
[ 4 -999 0 0 0 0 0 2 1 2 1 1 1 2 0 8 122 2 7 8 3 2 0 0 22 8 18 ]{260: CSTI 5}
[ 4 -999 0 0 0 0 0 2 1 2 1 1 1 2 0 8 122 2 7 8 3 2 0 0 22 8 18 5 ]{262: ADD}
[ 4 -999 0 0 0 0 0 2 1 2 1 1 1 2 0 8 122 2 7 8 3 2 0 0 22 8 23 ]{263: LDI}
[ 4 -999 0 0 0 0 0 2 1 2 1 1 1 2 0 8 122 2 7 8 3 2 0 0 22 8 0 ]{264: ADD}
[ 4 -999 0 0 0 0 0 2 1 2 1 1 1 2 0 8 122 2 7 8 3 2 0 0 22 8 ]{265: LDI}
[ 4 -999 0 0 0 0 0 2 1 2 1 1 1 2 0 8 122 2 7 8 3 2 0 0 22 1 ]{266: STI}
[ 4 -999 0 0 0 0 0 2 1 2 1 1 1 2 0 8 122 2 7 8 3 2 1 0 1 ]{267: INCSP -1}
[ 4 -999 0 0 0 0 0 2 1 2 1 1 1 2 0 8 122 2 7 8 3 2 1 0 ]{269: GETBP}
[ 4 -999 0 0 0 0 0 2 1 2 1 1 1 2 0 8 122 2 7 8 3 2 1 0 18 ]{270: CSTI 3}
[ 4 -999 0 0 0 0 0 2 1 2 1 1 1 2 0 8 122 2 7 8 3 2 1 0 18 3 ]{272: ADD}
[ 4 -999 0 0 0 0 0 2 1 2 1 1 1 2 0 8 122 2 7 8 3 2 1 0 21 ]{273: LDI}
[ 4 -999 0 0 0 0 0 2 1 2 1 1 1 2 0 8 122 2 7 8 3 2 1 0 2 ]{274: GETBP}
[ 4 -999 0 0 0 0 0 2 1 2 1 1 1 2 0 8 122 2 7 8 3 2 1 0 2 18 ]{275: CSTI 4}
[ 4 -999 0 0 0 0 0 2 1 2 1 1 1 2 0 8 122 2 7 8 3 2 1 0 2 18 4 ]{277: ADD}
[ 4 -999 0 0 0 0 0 2 1 2 1 1 1 2 0 8 122 2 7 8 3 2 1 0 2 22 ]{278: LDI}
[ 4 -999 0 0 0 0 0 2 1 2 1 1 1 2 0 8 122 2 7 8 3 2 1 0 2 1 ]{279: ADD}
[ 4 -999 0 0 0 0 0 2 1 2 1 1 1 2 0 8 122 2 7 8 3 2 1 0 3 ]{280: GETBP}
[ 4 -999 0 0 0 0 0 2 1 2 1 1 1 2 0 8 122 2 7 8 3 2 1 0 3 18 ]{281: CSTI 3}
[ 4 -999 0 0 0 0 0 2 1 2 1 1 1 2 0 8 122 2 7 8 3 2 1 0 3 18 3 ]{283: ADD}
[ 4 -999 0 0 0 0 0 2 1 2 1 1 1 2 0 8 122 2 7 8 3 2 1 0 3 21 ]{284: LDI}
[ 4 -999 0 0 0 0 0 2 1 2 1 1 1 2 0 8 122 2 7 8 3 2 1 0 3 2 ]{285: GETBP}
[ 4 -999 0 0 0 0 0 2 1 2 1 1 1 2 0 8 122 2 7 8 3 2 1 0 3 2 18 ]{286: CSTI 4}
[ 4 -999 0 0 0 0 0 2 1 2 1 1 1 2 0 8 122 2 7 8 3 2 1 0 3 2 18 4 ]{288: ADD}
[ 4 -999 0 0 0 0 0 2 1 2 1 1 1 2 0 8 122 2 7 8 3 2 1 0 3 2 22 ]{289: LDI}
[ 4 -999 0 0 0 0 0 2 1 2 1 1 1 2 0 8 122 2 7 8 3 2 1 0 3 2 1 ]{290: ADD}
[ 4 -999 0 0 0 0 0 2 1 2 1 1 1 2 0 8 122 2 7 8 3 2 1 0 3 3 ]{291: LDI}
[ 4 -999 0 0 0 0 0 2 1 2 1 1 1 2 0 8 122 2 7 8 3 2 1 0 3 0 ]{292: CSTI 1}
[ 4 -999 0 0 0 0 0 2 1 2 1 1 1 2 0 8 122 2 7 8 3 2 1 0 3 0 1 ]{294: ADD}
[ 4 -999 0 0 0 0 0 2 1 2 1 1 1 2 0 8 122 2 7 8 3 2 1 0 3 1 ]{295: STI}
[ 4 -999 0 1 0 0 0 2 1 2 1 1 1 2 0 8 122 2 7 8 3 2 1 0 1 ]{296: INCSP -1}
[ 4 -999 0 1 0 0 0 2 1 2 1 1 1 2 0 8 122 2 7 8 3 2 1 0 ]{298: GETBP}
[ 4 -999 0 1 0 0 0 2 1 2 1 1 1 2 0 8 122 2 7 8 3 2 1 0 18 ]{299: CSTI 5}
[ 4 -999 0 1 0 0 0 2 1 2 1 1 1 2 0 8 122 2 7 8 3 2 1 0 18 5 ]{301: ADD}
[ 4 -999 0 1 0 0 0 2 1 2 1 1 1 2 0 8 122 2 7 8 3 2 1 0 23 ]{302: GETBP}
[ 4 -999 0 1 0 0 0 2 1 2 1 1 1 2 0 8 122 2 7 8 3 2 1 0 23 18 ]{303: CSTI 5}
[ 4 -999 0 1 0 0 0 2 1 2 1 1 1 2 0 8 122 2 7 8 3 2 1 0 23 18 5 ]{305: ADD}
[ 4 -999 0 1 0 0 0 2 1 2 1 1 1 2 0 8 122 2 7 8 3 2 1 0 23 23 ]{306: LDI}
[ 4 -999 0 1 0 0 0 2 1 2 1 1 1 2 0 8 122 2 7 8 3 2 1 0 23 0 ]{307: CSTI 1}
[ 4 -999 0 1 0 0 0 2 1 2 1 1 1 2 0 8 122 2 7 8 3 2 1 0 23 0 1 ]{309: ADD}
[ 4 -999 0 1 0 0 0 2 1 2 1 1 1 2 0 8 122 2 7 8 3 2 1 0 23 1 ]{310: STI}
[ 4 -999 0 1 0 0 0 2 1 2 1 1 1 2 0 8 122 2 7 8 3 2 1 1 1 ]{311: INCSP -1}
[ 4 -999 0 1 0 0 0 2 1 2 1 1 1 2 0 8 122 2 7 8 3 2 1 1 ]{313: GETBP}
[ 4 -999 0 1 0 0 0 2 1 2 1 1 1 2 0 8 122 2 7 8 3 2 1 1 18 ]{314: CSTI 5}
[ 4 -999 0 1 0 0 0 2 1 2 1 1 1 2 0 8 122 2 7 8 3 2 1 1 18 5 ]{316: ADD}
[ 4 -999 0 1 0 0 0 2 1 2 1 1 1 2 0 8 122 2 7 8 3 2 1 1 23 ]{317: LDI}
[ 4 -999 0 1 0 0 0 2 1 2 1 1 1 2 0 8 122 2 7 8 3 2 1 1 1 ]{318: GETBP}
[ 4 -999 0 1 0 0 0 2 1 2 1 1 1 2 0 8 122 2 7 8 3 2 1 1 1 18 ]{319: LDI}
[ 4 -999 0 1 0 0 0 2 1 2 1 1 1 2 0 8 122 2 7 8 3 2 1 1 1 7 ]{320: LT}
[ 4 -999 0 1 0 0 0 2 1 2 1 1 1 2 0 8 122 2 7 8 3 2 1 1 1 ]{321: IFNZRO 250}
[ 4 -999 0 1 0 0 0 2 1 2 1 1 1 2 0 8 122 2 7 8 3 2 1 1 ]{250: GETBP}
[ 4 -999 0 1 0 0 0 2 1 2 1 1 1 2 0 8 122 2 7 8 3 2 1 1 18 ]{251: CSTI 4}
[ 4 -999 0 1 0 0 0 2 1 2 1 1 1 2 0 8 122 2 7 8 3 2 1 1 18 4 ]{253: ADD}
[ 4 -999 0 1 0 0 0 2 1 2 1 1 1 2 0 8 122 2 7 8 3 2 1 1 22 ]{254: GETBP}
[ 4 -999 0 1 0 0 0 2 1 2 1 1 1 2 0 8 122 2 7 8 3 2 1 1 22 18 ]{255: CSTI 1}
[ 4 -999 0 1 0 0 0 2 1 2 1 1 1 2 0 8 122 2 7 8 3 2 1 1 22 18 1 ]{257: ADD}
[ 4 -999 0 1 0 0 0 2 1 2 1 1 1 2 0 8 122 2 7 8 3 2 1 1 22 19 ]{258: LDI}
[ 4 -999 0 1 0 0 0 2 1 2 1 1 1 2 0 8 122 2 7 8 3 2 1 1 22 8 ]{259: GETBP}
[ 4 -999 0 1 0 0 0 2 1 2 1 1 1 2 0 8 122 2 7 8 3 2 1 1 22 8 18 ]{260: CSTI 5}
[ 4 -999 0 1 0 0 0 2 1 2 1 1 1 2 0 8 122 2 7 8 3 2 1 1 22 8 18 5 ]{262: ADD}
[ 4 -999 0 1 0 0 0 2 1 2 1 1 1 2 0 8 122 2 7 8 3 2 1 1 22 8 23 ]{263: LDI}
[ 4 -999 0 1 0 0 0 2 1 2 1 1 1 2 0 8 122 2 7 8 3 2 1 1 22 8 1 ]{264: ADD}
[ 4 -999 0 1 0 0 0 2 1 2 1 1 1 2 0 8 122 2 7 8 3 2 1 1 22 9 ]{265: LDI}
[ 4 -999 0 1 0 0 0 2 1 2 1 1 1 2 0 8 122 2 7 8 3 2 1 1 22 2 ]{266: STI}
[ 4 -999 0 1 0 0 0 2 1 2 1 1 1 2 0 8 122 2 7 8 3 2 2 1 2 ]{267: INCSP -1}
[ 4 -999 0 1 0 0 0 2 1 2 1 1 1 2 0 8 122 2 7 8 3 2 2 1 ]{269: GETBP}
[ 4 -999 0 1 0 0 0 2 1 2 1 1 1 2 0 8 122 2 7 8 3 2 2 1 18 ]{270: CSTI 3}
[ 4 -999 0 1 0 0 0 2 1 2 1 1 1 2 0 8 122 2 7 8 3 2 2 1 18 3 ]{272: ADD}
[ 4 -999 0 1 0 0 0 2 1 2 1 1 1 2 0 8 122 2 7 8 3 2 2 1 21 ]{273: LDI}
[ 4 -999 0 1 0 0 0 2 1 2 1 1 1 2 0 8 122 2 7 8 3 2 2 1 2 ]{274: GETBP}
[ 4 -999 0 1 0 0 0 2 1 2 1 1 1 2 0 8 122 2 7 8 3 2 2 1 2 18 ]{275: CSTI 4}
[ 4 -999 0 1 0 0 0 2 1 2 1 1 1 2 0 8 122 2 7 8 3 2 2 1 2 18 4 ]{277: ADD}
[ 4 -999 0 1 0 0 0 2 1 2 1 1 1 2 0 8 122 2 7 8 3 2 2 1 2 22 ]{278: LDI}
[ 4 -999 0 1 0 0 0 2 1 2 1 1 1 2 0 8 122 2 7 8 3 2 2 1 2 2 ]{279: ADD}
[ 4 -999 0 1 0 0 0 2 1 2 1 1 1 2 0 8 122 2 7 8 3 2 2 1 4 ]{280: GETBP}
[ 4 -999 0 1 0 0 0 2 1 2 1 1 1 2 0 8 122 2 7 8 3 2 2 1 4 18 ]{281: CSTI 3}
[ 4 -999 0 1 0 0 0 2 1 2 1 1 1 2 0 8 122 2 7 8 3 2 2 1 4 18 3 ]{283: ADD}
[ 4 -999 0 1 0 0 0 2 1 2 1 1 1 2 0 8 122 2 7 8 3 2 2 1 4 21 ]{284: LDI}
[ 4 -999 0 1 0 0 0 2 1 2 1 1 1 2 0 8 122 2 7 8 3 2 2 1 4 2 ]{285: GETBP}
[ 4 -999 0 1 0 0 0 2 1 2 1 1 1 2 0 8 122 2 7 8 3 2 2 1 4 2 18 ]{286: CSTI 4}
[ 4 -999 0 1 0 0 0 2 1 2 1 1 1 2 0 8 122 2 7 8 3 2 2 1 4 2 18 4 ]{288: ADD}
[ 4 -999 0 1 0 0 0 2 1 2 1 1 1 2 0 8 122 2 7 8 3 2 2 1 4 2 22 ]{289: LDI}
[ 4 -999 0 1 0 0 0 2 1 2 1 1 1 2 0 8 122 2 7 8 3 2 2 1 4 2 2 ]{290: ADD}
[ 4 -999 0 1 0 0 0 2 1 2 1 1 1 2 0 8 122 2 7 8 3 2 2 1 4 4 ]{291: LDI}
[ 4 -999 0 1 0 0 0 2 1 2 1 1 1 2 0 8 122 2 7 8 3 2 2 1 4 0 ]{292: CSTI 1}
[ 4 -999 0 1 0 0 0 2 1 2 1 1 1 2 0 8 122 2 7 8 3 2 2 1 4 0 1 ]{294: ADD}
[ 4 -999 0 1 0 0 0 2 1 2 1 1 1 2 0 8 122 2 7 8 3 2 2 1 4 1 ]{295: STI}
[ 4 -999 0 1 1 0 0 2 1 2 1 1 1 2 0 8 122 2 7 8 3 2 2 1 1 ]{296: INCSP -1}
[ 4 -999 0 1 1 0 0 2 1 2 1 1 1 2 0 8 122 2 7 8 3 2 2 1 ]{298: GETBP}
[ 4 -999 0 1 1 0 0 2 1 2 1 1 1 2 0 8 122 2 7 8 3 2 2 1 18 ]{299: CSTI 5}
[ 4 -999 0 1 1 0 0 2 1 2 1 1 1 2 0 8 122 2 7 8 3 2 2 1 18 5 ]{301: ADD}
[ 4 -999 0 1 1 0 0 2 1 2 1 1 1 2 0 8 122 2 7 8 3 2 2 1 23 ]{302: GETBP}
[ 4 -999 0 1 1 0 0 2 1 2 1 1 1 2 0 8 122 2 7 8 3 2 2 1 23 18 ]{303: CSTI 5}
[ 4 -999 0 1 1 0 0 2 1 2 1 1 1 2 0 8 122 2 7 8 3 2 2 1 23 18 5 ]{305: ADD}
[ 4 -999 0 1 1 0 0 2 1 2 1 1 1 2 0 8 122 2 7 8 3 2 2 1 23 23 ]{306: LDI}
[ 4 -999 0 1 1 0 0 2 1 2 1 1 1 2 0 8 122 2 7 8 3 2 2 1 23 1 ]{307: CSTI 1}
[ 4 -999 0 1 1 0 0 2 1 2 1 1 1 2 0 8 122 2 7 8 3 2 2 1 23 1 1 ]{309: ADD}
[ 4 -999 0 1 1 0 0 2 1 2 1 1 1 2 0 8 122 2 7 8 3 2 2 1 23 2 ]{310: STI}
[ 4 -999 0 1 1 0 0 2 1 2 1 1 1 2 0 8 122 2 7 8 3 2 2 2 2 ]{311: INCSP -1}
[ 4 -999 0 1 1 0 0 2 1 2 1 1 1 2 0 8 122 2 7 8 3 2 2 2 ]{313: GETBP}
[ 4 -999 0 1 1 0 0 2 1 2 1 1 1 2 0 8 122 2 7 8 3 2 2 2 18 ]{314: CSTI 5}
[ 4 -999 0 1 1 0 0 2 1 2 1 1 1 2 0 8 122 2 7 8 3 2 2 2 18 5 ]{316: ADD}
[ 4 -999 0 1 1 0 0 2 1 2 1 1 1 2 0 8 122 2 7 8 3 2 2 2 23 ]{317: LDI}
[ 4 -999 0 1 1 0 0 2 1 2 1 1 1 2 0 8 122 2 7 8 3 2 2 2 2 ]{318: GETBP}
[ 4 -999 0 1 1 0 0 2 1 2 1 1 1 2 0 8 122 2 7 8 3 2 2 2 2 18 ]{319: LDI}
[ 4 -999 0 1 1 0 0 2 1 2 1 1 1 2 0 8 122 2 7 8 3 2 2 2 2 7 ]{320: LT}
[ 4 -999 0 1 1 0 0 2 1 2 1 1 1 2 0 8 122 2 7 8 3 2 2 2 1 ]{321: IFNZRO 250}
[ 4 -999 0 1 1 0 0 2 1 2 1 1 1 2 0 8 122 2 7 8 3 2 2 2 ]{250: GETBP}
[ 4 -999 0 1 1 0 0 2 1 2 1 1 1 2 0 8 122 2 7 8 3 2 2 2 18 ]{251: CSTI 4}
[ 4 -999 0 1 1 0 0 2 1 2 1 1 1 2 0 8 122 2 7 8 3 2 2 2 18 4 ]{253: ADD}
[ 4 -999 0 1 1 0 0 2 1 2 1 1 1 2 0 8 122 2 7 8 3 2 2 2 22 ]{254: GETBP}
[ 4 -999 0 1 1 0 0 2 1 2 1 1 1 2 0 8 122 2 7 8 3 2 2 2 22 18 ]{255: CSTI 1}
[ 4 -999 0 1 1 0 0 2 1 2 1 1 1 2 0 8 122 2 7 8 3 2 2 2 22 18 1 ]{257: ADD}
[ 4 -999 0 1 1 0 0 2 1 2 1 1 1 2 0 8 122 2 7 8 3 2 2 2 22 19 ]{258: LDI}
[ 4 -999 0 1 1 0 0 2 1 2 1 1 1 2 0 8 122 2 7 8 3 2 2 2 22 8 ]{259: GETBP}
[ 4 -999 0 1 1 0 0 2 1 2 1 1 1 2 0 8 122 2 7 8 3 2 2 2 22 8 18 ]{260: CSTI 5}
[ 4 -999 0 1 1 0 0 2 1 2 1 1 1 2 0 8 122 2 7 8 3 2 2 2 22 8 18 5 ]{262: ADD}
[ 4 -999 0 1 1 0 0 2 1 2 1 1 1 2 0 8 122 2 7 8 3 2 2 2 22 8 23 ]{263: LDI}
[ 4 -999 0 1 1 0 0 2 1 2 1 1 1 2 0 8 122 2 7 8 3 2 2 2 22 8 2 ]{264: ADD}
[ 4 -999 0 1 1 0 0 2 1 2 1 1 1 2 0 8 122 2 7 8 3 2 2 2 22 10 ]{265: LDI}
[ 4 -999 0 1 1 0 0 2 1 2 1 1 1 2 0 8 122 2 7 8 3 2 2 2 22 1 ]{266: STI}
[ 4 -999 0 1 1 0 0 2 1 2 1 1 1 2 0 8 122 2 7 8 3 2 1 2 1 ]{267: INCSP -1}
[ 4 -999 0 1 1 0 0 2 1 2 1 1 1 2 0 8 122 2 7 8 3 2 1 2 ]{269: GETBP}
[ 4 -999 0 1 1 0 0 2 1 2 1 1 1 2 0 8 122 2 7 8 3 2 1 2 18 ]{270: CSTI 3}
[ 4 -999 0 1 1 0 0 2 1 2 1 1 1 2 0 8 122 2 7 8 3 2 1 2 18 3 ]{272: ADD}
[ 4 -999 0 1 1 0 0 2 1 2 1 1 1 2 0 8 122 2 7 8 3 2 1 2 21 ]{273: LDI}
[ 4 -999 0 1 1 0 0 2 1 2 1 1 1 2 0 8 122 2 7 8 3 2 1 2 2 ]{274: GETBP}
[ 4 -999 0 1 1 0 0 2 1 2 1 1 1 2 0 8 122 2 7 8 3 2 1 2 2 18 ]{275: CSTI 4}
[ 4 -999 0 1 1 0 0 2 1 2 1 1 1 2 0 8 122 2 7 8 3 2 1 2 2 18 4 ]{277: ADD}
[ 4 -999 0 1 1 0 0 2 1 2 1 1 1 2 0 8 122 2 7 8 3 2 1 2 2 22 ]{278: LDI}
[ 4 -999 0 1 1 0 0 2 1 2 1 1 1 2 0 8 122 2 7 8 3 2 1 2 2 1 ]{279: ADD}
[ 4 -999 0 1 1 0 0 2 1 2 1 1 1 2 0 8 122 2 7 8 3 2 1 2 3 ]{280: GETBP}
[ 4 -999 0 1 1 0 0 2 1 2 1 1 1 2 0 8 122 2 7 8 3 2 1 2 3 18 ]{281: CSTI 3}
[ 4 -999 0 1 1 0 0 2 1 2 1 1 1 2 0 8 122 2 7 8 3 2 1 2 3 18 3 ]{283: ADD}
[ 4 -999 0 1 1 0 0 2 1 2 1 1 1 2 0 8 122 2 7 8 3 2 1 2 3 21 ]{284: LDI}
[ 4 -999 0 1 1 0 0 2 1 2 1 1 1 2 0 8 122 2 7 8 3 2 1 2 3 2 ]{285: GETBP}
[ 4 -999 0 1 1 0 0 2 1 2 1 1 1 2 0 8 122 2 7 8 3 2 1 2 3 2 18 ]{286: CSTI 4}
[ 4 -999 0 1 1 0 0 2 1 2 1 1 1 2 0 8 122 2 7 8 3 2 1 2 3 2 18 4 ]{288: ADD}
[ 4 -999 0 1 1 0 0 2 1 2 1 1 1 2 0 8 122 2 7 8 3 2 1 2 3 2 22 ]{289: LDI}
[ 4 -999 0 1 1 0 0 2 1 2 1 1 1 2 0 8 122 2 7 8 3 2 1 2 3 2 1 ]{290: ADD}
[ 4 -999 0 1 1 0 0 2 1 2 1 1 1 2 0 8 122 2 7 8 3 2 1 2 3 3 ]{291: LDI}
[ 4 -999 0 1 1 0 0 2 1 2 1 1 1 2 0 8 122 2 7 8 3 2 1 2 3 1 ]{292: CSTI 1}
[ 4 -999 0 1 1 0 0 2 1 2 1 1 1 2 0 8 122 2 7 8 3 2 1 2 3 1 1 ]{294: ADD}
[ 4 -999 0 1 1 0 0 2 1 2 1 1 1 2 0 8 122 2 7 8 3 2 1 2 3 2 ]{295: STI}
[ 4 -999 0 2 1 0 0 2 1 2 1 1 1 2 0 8 122 2 7 8 3 2 1 2 2 ]{296: INCSP -1}
[ 4 -999 0 2 1 0 0 2 1 2 1 1 1 2 0 8 122 2 7 8 3 2 1 2 ]{298: GETBP}
[ 4 -999 0 2 1 0 0 2 1 2 1 1 1 2 0 8 122 2 7 8 3 2 1 2 18 ]{299: CSTI 5}
[ 4 -999 0 2 1 0 0 2 1 2 1 1 1 2 0 8 122 2 7 8 3 2 1 2 18 5 ]{301: ADD}
[ 4 -999 0 2 1 0 0 2 1 2 1 1 1 2 0 8 122 2 7 8 3 2 1 2 23 ]{302: GETBP}
[ 4 -999 0 2 1 0 0 2 1 2 1 1 1 2 0 8 122 2 7 8 3 2 1 2 23 18 ]{303: CSTI 5}
[ 4 -999 0 2 1 0 0 2 1 2 1 1 1 2 0 8 122 2 7 8 3 2 1 2 23 18 5 ]{305: ADD}
[ 4 -999 0 2 1 0 0 2 1 2 1 1 1 2 0 8 122 2 7 8 3 2 1 2 23 23 ]{306: LDI}
[ 4 -999 0 2 1 0 0 2 1 2 1 1 1 2 0 8 122 2 7 8 3 2 1 2 23 2 ]{307: CSTI 1}
[ 4 -999 0 2 1 0 0 2 1 2 1 1 1 2 0 8 122 2 7 8 3 2 1 2 23 2 1 ]{309: ADD}
[ 4 -999 0 2 1 0 0 2 1 2 1 1 1 2 0 8 122 2 7 8 3 2 1 2 23 3 ]{310: STI}
[ 4 -999 0 2 1 0 0 2 1 2 1 1 1 2 0 8 122 2 7 8 3 2 1 3 3 ]{311: INCSP -1}
[ 4 -999 0 2 1 0 0 2 1 2 1 1 1 2 0 8 122 2 7 8 3 2 1 3 ]{313: GETBP}
[ 4 -999 0 2 1 0 0 2 1 2 1 1 1 2 0 8 122 2 7 8 3 2 1 3 18 ]{314: CSTI 5}
[ 4 -999 0 2 1 0 0 2 1 2 1 1 1 2 0 8 122 2 7 8 3 2 1 3 18 5 ]{316: ADD}
[ 4 -999 0 2 1 0 0 2 1 2 1 1 1 2 0 8 122 2 7 8 3 2 1 3 23 ]{317: LDI}
[ 4 -999 0 2 1 0 0 2 1 2 1 1 1 2 0 8 122 2 7 8 3 2 1 3 3 ]{318: GETBP}
[ 4 -999 0 2 1 0 0 2 1 2 1 1 1 2 0 8 122 2 7 8 3 2 1 3 3 18 ]{319: LDI}
[ 4 -999 0 2 1 0 0 2 1 2 1 1 1 2 0 8 122 2 7 8 3 2 1 3 3 7 ]{320: LT}
[ 4 -999 0 2 1 0 0 2 1 2 1 1 1 2 0 8 122 2 7 8 3 2 1 3 1 ]{321: IFNZRO 250}
[ 4 -999 0 2 1 0 0 2 1 2 1 1 1 2 0 8 122 2 7 8 3 2 1 3 ]{250: GETBP}
[ 4 -999 0 2 1 0 0 2 1 2 1 1 1 2 0 8 122 2 7 8 3 2 1 3 18 ]{251: CSTI 4}
[ 4 -999 0 2 1 0 0 2 1 2 1 1 1 2 0 8 122 2 7 8 3 2 1 3 18 4 ]{253: ADD}
[ 4 -999 0 2 1 0 0 2 1 2 1 1 1 2 0 8 122 2 7 8 3 2 1 3 22 ]{254: GETBP}
[ 4 -999 0 2 1 0 0 2 1 2 1 1 1 2 0 8 122 2 7 8 3 2 1 3 22 18 ]{255: CSTI 1}
[ 4 -999 0 2 1 0 0 2 1 2 1 1 1 2 0 8 122 2 7 8 3 2 1 3 22 18 1 ]{257: ADD}
[ 4 -999 0 2 1 0 0 2 1 2 1 1 1 2 0 8 122 2 7 8 3 2 1 3 22 19 ]{258: LDI}
[ 4 -999 0 2 1 0 0 2 1 2 1 1 1 2 0 8 122 2 7 8 3 2 1 3 22 8 ]{259: GETBP}
[ 4 -999 0 2 1 0 0 2 1 2 1 1 1 2 0 8 122 2 7 8 3 2 1 3 22 8 18 ]{260: CSTI 5}
[ 4 -999 0 2 1 0 0 2 1 2 1 1 1 2 0 8 122 2 7 8 3 2 1 3 22 8 18 5 ]{262: ADD}
[ 4 -999 0 2 1 0 0 2 1 2 1 1 1 2 0 8 122 2 7 8 3 2 1 3 22 8 23 ]{263: LDI}
[ 4 -999 0 2 1 0 0 2 1 2 1 1 1 2 0 8 122 2 7 8 3 2 1 3 22 8 3 ]{264: ADD}
[ 4 -999 0 2 1 0 0 2 1 2 1 1 1 2 0 8 122 2 7 8 3 2 1 3 22 11 ]{265: LDI}
[ 4 -999 0 2 1 0 0 2 1 2 1 1 1 2 0 8 122 2 7 8 3 2 1 3 22 1 ]{266: STI}
[ 4 -999 0 2 1 0 0 2 1 2 1 1 1 2 0 8 122 2 7 8 3 2 1 3 1 ]{267: INCSP -1}
[ 4 -999 0 2 1 0 0 2 1 2 1 1 1 2 0 8 122 2 7 8 3 2 1 3 ]{269: GETBP}
[ 4 -999 0 2 1 0 0 2 1 2 1 1 1 2 0 8 122 2 7 8 3 2 1 3 18 ]{270: CSTI 3}
[ 4 -999 0 2 1 0 0 2 1 2 1 1 1 2 0 8 122 2 7 8 3 2 1 3 18 3 ]{272: ADD}
[ 4 -999 0 2 1 0 0 2 1 2 1 1 1 2 0 8 122 2 7 8 3 2 1 3 21 ]{273: LDI}
[ 4 -999 0 2 1 0 0 2 1 2 1 1 1 2 0 8 122 2 7 8 3 2 1 3 2 ]{274: GETBP}
[ 4 -999 0 2 1 0 0 2 1 2 1 1 1 2 0 8 122 2 7 8 3 2 1 3 2 18 ]{275: CSTI 4}
[ 4 -999 0 2 1 0 0 2 1 2 1 1 1 2 0 8 122 2 7 8 3 2 1 3 2 18 4 ]{277: ADD}
[ 4 -999 0 2 1 0 0 2 1 2 1 1 1 2 0 8 122 2 7 8 3 2 1 3 2 22 ]{278: LDI}
[ 4 -999 0 2 1 0 0 2 1 2 1 1 1 2 0 8 122 2 7 8 3 2 1 3 2 1 ]{279: ADD}
[ 4 -999 0 2 1 0 0 2 1 2 1 1 1 2 0 8 122 2 7 8 3 2 1 3 3 ]{280: GETBP}
[ 4 -999 0 2 1 0 0 2 1 2 1 1 1 2 0 8 122 2 7 8 3 2 1 3 3 18 ]{281: CSTI 3}
[ 4 -999 0 2 1 0 0 2 1 2 1 1 1 2 0 8 122 2 7 8 3 2 1 3 3 18 3 ]{283: ADD}
[ 4 -999 0 2 1 0 0 2 1 2 1 1 1 2 0 8 122 2 7 8 3 2 1 3 3 21 ]{284: LDI}
[ 4 -999 0 2 1 0 0 2 1 2 1 1 1 2 0 8 122 2 7 8 3 2 1 3 3 2 ]{285: GETBP}
[ 4 -999 0 2 1 0 0 2 1 2 1 1 1 2 0 8 122 2 7 8 3 2 1 3 3 2 18 ]{286: CSTI 4}
[ 4 -999 0 2 1 0 0 2 1 2 1 1 1 2 0 8 122 2 7 8 3 2 1 3 3 2 18 4 ]{288: ADD}
[ 4 -999 0 2 1 0 0 2 1 2 1 1 1 2 0 8 122 2 7 8 3 2 1 3 3 2 22 ]{289: LDI}
[ 4 -999 0 2 1 0 0 2 1 2 1 1 1 2 0 8 122 2 7 8 3 2 1 3 3 2 1 ]{290: ADD}
[ 4 -999 0 2 1 0 0 2 1 2 1 1 1 2 0 8 122 2 7 8 3 2 1 3 3 3 ]{291: LDI}
[ 4 -999 0 2 1 0 0 2 1 2 1 1 1 2 0 8 122 2 7 8 3 2 1 3 3 2 ]{292: CSTI 1}
[ 4 -999 0 2 1 0 0 2 1 2 1 1 1 2 0 8 122 2 7 8 3 2 1 3 3 2 1 ]{294: ADD}
[ 4 -999 0 2 1 0 0 2 1 2 1 1 1 2 0 8 122 2 7 8 3 2 1 3 3 3 ]{295: STI}
[ 4 -999 0 3 1 0 0 2 1 2 1 1 1 2 0 8 122 2 7 8 3 2 1 3 3 ]{296: INCSP -1}
[ 4 -999 0 3 1 0 0 2 1 2 1 1 1 2 0 8 122 2 7 8 3 2 1 3 ]{298: GETBP}
[ 4 -999 0 3 1 0 0 2 1 2 1 1 1 2 0 8 122 2 7 8 3 2 1 3 18 ]{299: CSTI 5}
[ 4 -999 0 3 1 0 0 2 1 2 1 1 1 2 0 8 122 2 7 8 3 2 1 3 18 5 ]{301: ADD}
[ 4 -999 0 3 1 0 0 2 1 2 1 1 1 2 0 8 122 2 7 8 3 2 1 3 23 ]{302: GETBP}
[ 4 -999 0 3 1 0 0 2 1 2 1 1 1 2 0 8 122 2 7 8 3 2 1 3 23 18 ]{303: CSTI 5}
[ 4 -999 0 3 1 0 0 2 1 2 1 1 1 2 0 8 122 2 7 8 3 2 1 3 23 18 5 ]{305: ADD}
[ 4 -999 0 3 1 0 0 2 1 2 1 1 1 2 0 8 122 2 7 8 3 2 1 3 23 23 ]{306: LDI}
[ 4 -999 0 3 1 0 0 2 1 2 1 1 1 2 0 8 122 2 7 8 3 2 1 3 23 3 ]{307: CSTI 1}
[ 4 -999 0 3 1 0 0 2 1 2 1 1 1 2 0 8 122 2 7 8 3 2 1 3 23 3 1 ]{309: ADD}
[ 4 -999 0 3 1 0 0 2 1 2 1 1 1 2 0 8 122 2 7 8 3 2 1 3 23 4 ]{310: STI}
[ 4 -999 0 3 1 0 0 2 1 2 1 1 1 2 0 8 122 2 7 8 3 2 1 4 4 ]{311: INCSP -1}
[ 4 -999 0 3 1 0 0 2 1 2 1 1 1 2 0 8 122 2 7 8 3 2 1 4 ]{313: GETBP}
[ 4 -999 0 3 1 0 0 2 1 2 1 1 1 2 0 8 122 2 7 8 3 2 1 4 18 ]{314: CSTI 5}
[ 4 -999 0 3 1 0 0 2 1 2 1 1 1 2 0 8 122 2 7 8 3 2 1 4 18 5 ]{316: ADD}
[ 4 -999 0 3 1 0 0 2 1 2 1 1 1 2 0 8 122 2 7 8 3 2 1 4 23 ]{317: LDI}
[ 4 -999 0 3 1 0 0 2 1 2 1 1 1 2 0 8 122 2 7 8 3 2 1 4 4 ]{318: GETBP}
[ 4 -999 0 3 1 0 0 2 1 2 1 1 1 2 0 8 122 2 7 8 3 2 1 4 4 18 ]{319: LDI}
[ 4 -999 0 3 1 0 0 2 1 2 1 1 1 2 0 8 122 2 7 8 3 2 1 4 4 7 ]{320: LT}
[ 4 -999 0 3 1 0 0 2 1 2 1 1 1 2 0 8 122 2 7 8 3 2 1 4 1 ]{321: IFNZRO 250}
[ 4 -999 0 3 1 0 0 2 1 2 1 1 1 2 0 8 122 2 7 8 3 2 1 4 ]{250: GETBP}
[ 4 -999 0 3 1 0 0 2 1 2 1 1 1 2 0 8 122 2 7 8 3 2 1 4 18 ]{251: CSTI 4}
[ 4 -999 0 3 1 0 0 2 1 2 1 1 1 2 0 8 122 2 7 8 3 2 1 4 18 4 ]{253: ADD}
[ 4 -999 0 3 1 0 0 2 1 2 1 1 1 2 0 8 122 2 7 8 3 2 1 4 22 ]{254: GETBP}
[ 4 -999 0 3 1 0 0 2 1 2 1 1 1 2 0 8 122 2 7 8 3 2 1 4 22 18 ]{255: CSTI 1}
[ 4 -999 0 3 1 0 0 2 1 2 1 1 1 2 0 8 122 2 7 8 3 2 1 4 22 18 1 ]{257: ADD}
[ 4 -999 0 3 1 0 0 2 1 2 1 1 1 2 0 8 122 2 7 8 3 2 1 4 22 19 ]{258: LDI}
[ 4 -999 0 3 1 0 0 2 1 2 1 1 1 2 0 8 122 2 7 8 3 2 1 4 22 8 ]{259: GETBP}
[ 4 -999 0 3 1 0 0 2 1 2 1 1 1 2 0 8 122 2 7 8 3 2 1 4 22 8 18 ]{260: CSTI 5}
[ 4 -999 0 3 1 0 0 2 1 2 1 1 1 2 0 8 122 2 7 8 3 2 1 4 22 8 18 5 ]{262: ADD}
[ 4 -999 0 3 1 0 0 2 1 2 1 1 1 2 0 8 122 2 7 8 3 2 1 4 22 8 23 ]{263: LDI}
[ 4 -999 0 3 1 0 0 2 1 2 1 1 1 2 0 8 122 2 7 8 3 2 1 4 22 8 4 ]{264: ADD}
[ 4 -999 0 3 1 0 0 2 1 2 1 1 1 2 0 8 122 2 7 8 3 2 1 4 22 12 ]{265: LDI}
[ 4 -999 0 3 1 0 0 2 1 2 1 1 1 2 0 8 122 2 7 8 3 2 1 4 22 1 ]{266: STI}
[ 4 -999 0 3 1 0 0 2 1 2 1 1 1 2 0 8 122 2 7 8 3 2 1 4 1 ]{267: INCSP -1}
[ 4 -999 0 3 1 0 0 2 1 2 1 1 1 2 0 8 122 2 7 8 3 2 1 4 ]{269: GETBP}
[ 4 -999 0 3 1 0 0 2 1 2 1 1 1 2 0 8 122 2 7 8 3 2 1 4 18 ]{270: CSTI 3}
[ 4 -999 0 3 1 0 0 2 1 2 1 1 1 2 0 8 122 2 7 8 3 2 1 4 18 3 ]{272: ADD}
[ 4 -999 0 3 1 0 0 2 1 2 1 1 1 2 0 8 122 2 7 8 3 2 1 4 21 ]{273: LDI}
[ 4 -999 0 3 1 0 0 2 1 2 1 1 1 2 0 8 122 2 7 8 3 2 1 4 2 ]{274: GETBP}
[ 4 -999 0 3 1 0 0 2 1 2 1 1 1 2 0 8 122 2 7 8 3 2 1 4 2 18 ]{275: CSTI 4}
[ 4 -999 0 3 1 0 0 2 1 2 1 1 1 2 0 8 122 2 7 8 3 2 1 4 2 18 4 ]{277: ADD}
[ 4 -999 0 3 1 0 0 2 1 2 1 1 1 2 0 8 122 2 7 8 3 2 1 4 2 22 ]{278: LDI}
[ 4 -999 0 3 1 0 0 2 1 2 1 1 1 2 0 8 122 2 7 8 3 2 1 4 2 1 ]{279: ADD}
[ 4 -999 0 3 1 0 0 2 1 2 1 1 1 2 0 8 122 2 7 8 3 2 1 4 3 ]{280: GETBP}
[ 4 -999 0 3 1 0 0 2 1 2 1 1 1 2 0 8 122 2 7 8 3 2 1 4 3 18 ]{281: CSTI 3}
[ 4 -999 0 3 1 0 0 2 1 2 1 1 1 2 0 8 122 2 7 8 3 2 1 4 3 18 3 ]{283: ADD}
[ 4 -999 0 3 1 0 0 2 1 2 1 1 1 2 0 8 122 2 7 8 3 2 1 4 3 21 ]{284: LDI}
[ 4 -999 0 3 1 0 0 2 1 2 1 1 1 2 0 8 122 2 7 8 3 2 1 4 3 2 ]{285: GETBP}
[ 4 -999 0 3 1 0 0 2 1 2 1 1 1 2 0 8 122 2 7 8 3 2 1 4 3 2 18 ]{286: CSTI 4}
[ 4 -999 0 3 1 0 0 2 1 2 1 1 1 2 0 8 122 2 7 8 3 2 1 4 3 2 18 4 ]{288: ADD}
[ 4 -999 0 3 1 0 0 2 1 2 1 1 1 2 0 8 122 2 7 8 3 2 1 4 3 2 22 ]{289: LDI}
[ 4 -999 0 3 1 0 0 2 1 2 1 1 1 2 0 8 122 2 7 8 3 2 1 4 3 2 1 ]{290: ADD}
[ 4 -999 0 3 1 0 0 2 1 2 1 1 1 2 0 8 122 2 7 8 3 2 1 4 3 3 ]{291: LDI}
[ 4 -999 0 3 1 0 0 2 1 2 1 1 1 2 0 8 122 2 7 8 3 2 1 4 3 3 ]{292: CSTI 1}
[ 4 -999 0 3 1 0 0 2 1 2 1 1 1 2 0 8 122 2 7 8 3 2 1 4 3 3 1 ]{294: ADD}
[ 4 -999 0 3 1 0 0 2 1 2 1 1 1 2 0 8 122 2 7 8 3 2 1 4 3 4 ]{295: STI}
[ 4 -999 0 4 1 0 0 2 1 2 1 1 1 2 0 8 122 2 7 8 3 2 1 4 4 ]{296: INCSP -1}
[ 4 -999 0 4 1 0 0 2 1 2 1 1 1 2 0 8 122 2 7 8 3 2 1 4 ]{298: GETBP}
[ 4 -999 0 4 1 0 0 2 1 2 1 1 1 2 0 8 122 2 7 8 3 2 1 4 18 ]{299: CSTI 5}
[ 4 -999 0 4 1 0 0 2 1 2 1 1 1 2 0 8 122 2 7 8 3 2 1 4 18 5 ]{301: ADD}
[ 4 -999 0 4 1 0 0 2 1 2 1 1 1 2 0 8 122 2 7 8 3 2 1 4 23 ]{302: GETBP}
[ 4 -999 0 4 1 0 0 2 1 2 1 1 1 2 0 8 122 2 7 8 3 2 1 4 23 18 ]{303: CSTI 5}
[ 4 -999 0 4 1 0 0 2 1 2 1 1 1 2 0 8 122 2 7 8 3 2 1 4 23 18 5 ]{305: ADD}
[ 4 -999 0 4 1 0 0 2 1 2 1 1 1 2 0 8 122 2 7 8 3 2 1 4 23 23 ]{306: LDI}
[ 4 -999 0 4 1 0 0 2 1 2 1 1 1 2 0 8 122 2 7 8 3 2 1 4 23 4 ]{307: CSTI 1}
[ 4 -999 0 4 1 0 0 2 1 2 1 1 1 2 0 8 122 2 7 8 3 2 1 4 23 4 1 ]{309: ADD}
[ 4 -999 0 4 1 0 0 2 1 2 1 1 1 2 0 8 122 2 7 8 3 2 1 4 23 5 ]{310: STI}
[ 4 -999 0 4 1 0 0 2 1 2 1 1 1 2 0 8 122 2 7 8 3 2 1 5 5 ]{311: INCSP -1}
[ 4 -999 0 4 1 0 0 2 1 2 1 1 1 2 0 8 122 2 7 8 3 2 1 5 ]{313: GETBP}
[ 4 -999 0 4 1 0 0 2 1 2 1 1 1 2 0 8 122 2 7 8 3 2 1 5 18 ]{314: CSTI 5}
[ 4 -999 0 4 1 0 0 2 1 2 1 1 1 2 0 8 122 2 7 8 3 2 1 5 18 5 ]{316: ADD}
[ 4 -999 0 4 1 0 0 2 1 2 1 1 1 2 0 8 122 2 7 8 3 2 1 5 23 ]{317: LDI}
[ 4 -999 0 4 1 0 0 2 1 2 1 1 1 2 0 8 122 2 7 8 3 2 1 5 5 ]{318: GETBP}
[ 4 -999 0 4 1 0 0 2 1 2 1 1 1 2 0 8 122 2 7 8 3 2 1 5 5 18 ]{319: LDI}
[ 4 -999 0 4 1 0 0 2 1 2 1 1 1 2 0 8 122 2 7 8 3 2 1 5 5 7 ]{320: LT}
[ 4 -999 0 4 1 0 0 2 1 2 1 1 1 2 0 8 122 2 7 8 3 2 1 5 1 ]{321: IFNZRO 250}
[ 4 -999 0 4 1 0 0 2 1 2 1 1 1 2 0 8 122 2 7 8 3 2 1 5 ]{250: GETBP}
[ 4 -999 0 4 1 0 0 2 1 2 1 1 1 2 0 8 122 2 7 8 3 2 1 5 18 ]{251: CSTI 4}
[ 4 -999 0 4 1 0 0 2 1 2 1 1 1 2 0 8 122 2 7 8 3 2 1 5 18 4 ]{253: ADD}
[ 4 -999 0 4 1 0 0 2 1 2 1 1 1 2 0 8 122 2 7 8 3 2 1 5 22 ]{254: GETBP}
[ 4 -999 0 4 1 0 0 2 1 2 1 1 1 2 0 8 122 2 7 8 3 2 1 5 22 18 ]{255: CSTI 1}
[ 4 -999 0 4 1 0 0 2 1 2 1 1 1 2 0 8 122 2 7 8 3 2 1 5 22 18 1 ]{257: ADD}
[ 4 -999 0 4 1 0 0 2 1 2 1 1 1 2 0 8 122 2 7 8 3 2 1 5 22 19 ]{258: LDI}
[ 4 -999 0 4 1 0 0 2 1 2 1 1 1 2 0 8 122 2 7 8 3 2 1 5 22 8 ]{259: GETBP}
[ 4 -999 0 4 1 0 0 2 1 2 1 1 1 2 0 8 122 2 7 8 3 2 1 5 22 8 18 ]{260: CSTI 5}
[ 4 -999 0 4 1 0 0 2 1 2 1 1 1 2 0 8 122 2 7 8 3 2 1 5 22 8 18 5 ]{262: ADD}
[ 4 -999 0 4 1 0 0 2 1 2 1 1 1 2 0 8 122 2 7 8 3 2 1 5 22 8 23 ]{263: LDI}
[ 4 -999 0 4 1 0 0 2 1 2 1 1 1 2 0 8 122 2 7 8 3 2 1 5 22 8 5 ]{264: ADD}
[ 4 -999 0 4 1 0 0 2 1 2 1 1 1 2 0 8 122 2 7 8 3 2 1 5 22 13 ]{265: LDI}
[ 4 -999 0 4 1 0 0 2 1 2 1 1 1 2 0 8 122 2 7 8 3 2 1 5 22 2 ]{266: STI}
[ 4 -999 0 4 1 0 0 2 1 2 1 1 1 2 0 8 122 2 7 8 3 2 2 5 2 ]{267: INCSP -1}
[ 4 -999 0 4 1 0 0 2 1 2 1 1 1 2 0 8 122 2 7 8 3 2 2 5 ]{269: GETBP}
[ 4 -999 0 4 1 0 0 2 1 2 1 1 1 2 0 8 122 2 7 8 3 2 2 5 18 ]{270: CSTI 3}
[ 4 -999 0 4 1 0 0 2 1 2 1 1 1 2 0 8 122 2 7 8 3 2 2 5 18 3 ]{272: ADD}
[ 4 -999 0 4 1 0 0 2 1 2 1 1 1 2 0 8 122 2 7 8 3 2 2 5 21 ]{273: LDI}
[ 4 -999 0 4 1 0 0 2 1 2 1 1 1 2 0 8 122 2 7 8 3 2 2 5 2 ]{274: GETBP}
[ 4 -999 0 4 1 0 0 2 1 2 1 1 1 2 0 8 122 2 7 8 3 2 2 5 2 18 ]{275: CSTI 4}
[ 4 -999 0 4 1 0 0 2 1 2 1 1 1 2 0 8 122 2 7 8 3 2 2 5 2 18 4 ]{277: ADD}
[ 4 -999 0 4 1 0 0 2 1 2 1 1 1 2 0 8 122 2 7 8 3 2 2 5 2 22 ]{278: LDI}
[ 4 -999 0 4 1 0 0 2 1 2 1 1 1 2 0 8 122 2 7 8 3 2 2 5 2 2 ]{279: ADD}
[ 4 -999 0 4 1 0 0 2 1 2 1 1 1 2 0 8 122 2 7 8 3 2 2 5 4 ]{280: GETBP}
[ 4 -999 0 4 1 0 0 2 1 2 1 1 1 2 0 8 122 2 7 8 3 2 2 5 4 18 ]{281: CSTI 3}
[ 4 -999 0 4 1 0 0 2 1 2 1 1 1 2 0 8 122 2 7 8 3 2 2 5 4 18 3 ]{283: ADD}
[ 4 -999 0 4 1 0 0 2 1 2 1 1 1 2 0 8 122 2 7 8 3 2 2 5 4 21 ]{284: LDI}
[ 4 -999 0 4 1 0 0 2 1 2 1 1 1 2 0 8 122 2 7 8 3 2 2 5 4 2 ]{285: GETBP}
[ 4 -999 0 4 1 0 0 2 1 2 1 1 1 2 0 8 122 2 7 8 3 2 2 5 4 2 18 ]{286: CSTI 4}
[ 4 -999 0 4 1 0 0 2 1 2 1 1 1 2 0 8 122 2 7 8 3 2 2 5 4 2 18 4 ]{288: ADD}
[ 4 -999 0 4 1 0 0 2 1 2 1 1 1 2 0 8 122 2 7 8 3 2 2 5 4 2 22 ]{289: LDI}
[ 4 -999 0 4 1 0 0 2 1 2 1 1 1 2 0 8 122 2 7 8 3 2 2 5 4 2 2 ]{290: ADD}
[ 4 -999 0 4 1 0 0 2 1 2 1 1 1 2 0 8 122 2 7 8 3 2 2 5 4 4 ]{291: LDI}
[ 4 -999 0 4 1 0 0 2 1 2 1 1 1 2 0 8 122 2 7 8 3 2 2 5 4 1 ]{292: CSTI 1}
[ 4 -999 0 4 1 0 0 2 1 2 1 1 1 2 0 8 122 2 7 8 3 2 2 5 4 1 1 ]{294: ADD}
[ 4 -999 0 4 1 0 0 2 1 2 1 1 1 2 0 8 122 2 7 8 3 2 2 5 4 2 ]{295: STI}
[ 4 -999 0 4 2 0 0 2 1 2 1 1 1 2 0 8 122 2 7 8 3 2 2 5 2 ]{296: INCSP -1}
[ 4 -999 0 4 2 0 0 2 1 2 1 1 1 2 0 8 122 2 7 8 3 2 2 5 ]{298: GETBP}
[ 4 -999 0 4 2 0 0 2 1 2 1 1 1 2 0 8 122 2 7 8 3 2 2 5 18 ]{299: CSTI 5}
[ 4 -999 0 4 2 0 0 2 1 2 1 1 1 2 0 8 122 2 7 8 3 2 2 5 18 5 ]{301: ADD}
[ 4 -999 0 4 2 0 0 2 1 2 1 1 1 2 0 8 122 2 7 8 3 2 2 5 23 ]{302: GETBP}
[ 4 -999 0 4 2 0 0 2 1 2 1 1 1 2 0 8 122 2 7 8 3 2 2 5 23 18 ]{303: CSTI 5}
[ 4 -999 0 4 2 0 0 2 1 2 1 1 1 2 0 8 122 2 7 8 3 2 2 5 23 18 5 ]{305: ADD}
[ 4 -999 0 4 2 0 0 2 1 2 1 1 1 2 0 8 122 2 7 8 3 2 2 5 23 23 ]{306: LDI}
[ 4 -999 0 4 2 0 0 2 1 2 1 1 1 2 0 8 122 2 7 8 3 2 2 5 23 5 ]{307: CSTI 1}
[ 4 -999 0 4 2 0 0 2 1 2 1 1 1 2 0 8 122 2 7 8 3 2 2 5 23 5 1 ]{309: ADD}
[ 4 -999 0 4 2 0 0 2 1 2 1 1 1 2 0 8 122 2 7 8 3 2 2 5 23 6 ]{310: STI}
[ 4 -999 0 4 2 0 0 2 1 2 1 1 1 2 0 8 122 2 7 8 3 2 2 6 6 ]{311: INCSP -1}
[ 4 -999 0 4 2 0 0 2 1 2 1 1 1 2 0 8 122 2 7 8 3 2 2 6 ]{313: GETBP}
[ 4 -999 0 4 2 0 0 2 1 2 1 1 1 2 0 8 122 2 7 8 3 2 2 6 18 ]{314: CSTI 5}
[ 4 -999 0 4 2 0 0 2 1 2 1 1 1 2 0 8 122 2 7 8 3 2 2 6 18 5 ]{316: ADD}
[ 4 -999 0 4 2 0 0 2 1 2 1 1 1 2 0 8 122 2 7 8 3 2 2 6 23 ]{317: LDI}
[ 4 -999 0 4 2 0 0 2 1 2 1 1 1 2 0 8 122 2 7 8 3 2 2 6 6 ]{318: GETBP}
[ 4 -999 0 4 2 0 0 2 1 2 1 1 1 2 0 8 122 2 7 8 3 2 2 6 6 18 ]{319: LDI}
[ 4 -999 0 4 2 0 0 2 1 2 1 1 1 2 0 8 122 2 7 8 3 2 2 6 6 7 ]{320: LT}
[ 4 -999 0 4 2 0 0 2 1 2 1 1 1 2 0 8 122 2 7 8 3 2 2 6 1 ]{321: IFNZRO 250}
[ 4 -999 0 4 2 0 0 2 1 2 1 1 1 2 0 8 122 2 7 8 3 2 2 6 ]{250: GETBP}
[ 4 -999 0 4 2 0 0 2 1 2 1 1 1 2 0 8 122 2 7 8 3 2 2 6 18 ]{251: CSTI 4}
[ 4 -999 0 4 2 0 0 2 1 2 1 1 1 2 0 8 122 2 7 8 3 2 2 6 18 4 ]{253: ADD}
[ 4 -999 0 4 2 0 0 2 1 2 1 1 1 2 0 8 122 2 7 8 3 2 2 6 22 ]{254: GETBP}
[ 4 -999 0 4 2 0 0 2 1 2 1 1 1 2 0 8 122 2 7 8 3 2 2 6 22 18 ]{255: CSTI 1}
[ 4 -999 0 4 2 0 0 2 1 2 1 1 1 2 0 8 122 2 7 8 3 2 2 6 22 18 1 ]{257: ADD}
[ 4 -999 0 4 2 0 0 2 1 2 1 1 1 2 0 8 122 2 7 8 3 2 2 6 22 19 ]{258: LDI}
[ 4 -999 0 4 2 0 0 2 1 2 1 1 1 2 0 8 122 2 7 8 3 2 2 6 22 8 ]{259: GETBP}
[ 4 -999 0 4 2 0 0 2 1 2 1 1 1 2 0 8 122 2 7 8 3 2 2 6 22 8 18 ]{260: CSTI 5}
[ 4 -999 0 4 2 0 0 2 1 2 1 1 1 2 0 8 122 2 7 8 3 2 2 6 22 8 18 5 ]{262: ADD}
[ 4 -999 0 4 2 0 0 2 1 2 1 1 1 2 0 8 122 2 7 8 3 2 2 6 22 8 23 ]{263: LDI}
[ 4 -999 0 4 2 0 0 2 1 2 1 1 1 2 0 8 122 2 7 8 3 2 2 6 22 8 6 ]{264: ADD}
[ 4 -999 0 4 2 0 0 2 1 2 1 1 1 2 0 8 122 2 7 8 3 2 2 6 22 14 ]{265: LDI}
[ 4 -999 0 4 2 0 0 2 1 2 1 1 1 2 0 8 122 2 7 8 3 2 2 6 22 0 ]{266: STI}
[ 4 -999 0 4 2 0 0 2 1 2 1 1 1 2 0 8 122 2 7 8 3 2 0 6 0 ]{267: INCSP -1}
[ 4 -999 0 4 2 0 0 2 1 2 1 1 1 2 0 8 122 2 7 8 3 2 0 6 ]{269: GETBP}
[ 4 -999 0 4 2 0 0 2 1 2 1 1 1 2 0 8 122 2 7 8 3 2 0 6 18 ]{270: CSTI 3}
[ 4 -999 0 4 2 0 0 2 1 2 1 1 1 2 0 8 122 2 7 8 3 2 0 6 18 3 ]{272: ADD}
[ 4 -999 0 4 2 0 0 2 1 2 1 1 1 2 0 8 122 2 7 8 3 2 0 6 21 ]{273: LDI}
[ 4 -999 0 4 2 0 0 2 1 2 1 1 1 2 0 8 122 2 7 8 3 2 0 6 2 ]{274: GETBP}
[ 4 -999 0 4 2 0 0 2 1 2 1 1 1 2 0 8 122 2 7 8 3 2 0 6 2 18 ]{275: CSTI 4}
[ 4 -999 0 4 2 0 0 2 1 2 1 1 1 2 0 8 122 2 7 8 3 2 0 6 2 18 4 ]{277: ADD}
[ 4 -999 0 4 2 0 0 2 1 2 1 1 1 2 0 8 122 2 7 8 3 2 0 6 2 22 ]{278: LDI}
[ 4 -999 0 4 2 0 0 2 1 2 1 1 1 2 0 8 122 2 7 8 3 2 0 6 2 0 ]{279: ADD}
[ 4 -999 0 4 2 0 0 2 1 2 1 1 1 2 0 8 122 2 7 8 3 2 0 6 2 ]{280: GETBP}
[ 4 -999 0 4 2 0 0 2 1 2 1 1 1 2 0 8 122 2 7 8 3 2 0 6 2 18 ]{281: CSTI 3}
[ 4 -999 0 4 2 0 0 2 1 2 1 1 1 2 0 8 122 2 7 8 3 2 0 6 2 18 3 ]{283: ADD}
[ 4 -999 0 4 2 0 0 2 1 2 1 1 1 2 0 8 122 2 7 8 3 2 0 6 2 21 ]{284: LDI}
[ 4 -999 0 4 2 0 0 2 1 2 1 1 1 2 0 8 122 2 7 8 3 2 0 6 2 2 ]{285: GETBP}
[ 4 -999 0 4 2 0 0 2 1 2 1 1 1 2 0 8 122 2 7 8 3 2 0 6 2 2 18 ]{286: CSTI 4}
[ 4 -999 0 4 2 0 0 2 1 2 1 1 1 2 0 8 122 2 7 8 3 2 0 6 2 2 18 4 ]{288: ADD}
[ 4 -999 0 4 2 0 0 2 1 2 1 1 1 2 0 8 122 2 7 8 3 2 0 6 2 2 22 ]{289: LDI}
[ 4 -999 0 4 2 0 0 2 1 2 1 1 1 2 0 8 122 2 7 8 3 2 0 6 2 2 0 ]{290: ADD}
[ 4 -999 0 4 2 0 0 2 1 2 1 1 1 2 0 8 122 2 7 8 3 2 0 6 2 2 ]{291: LDI}
[ 4 -999 0 4 2 0 0 2 1 2 1 1 1 2 0 8 122 2 7 8 3 2 0 6 2 0 ]{292: CSTI 1}
[ 4 -999 0 4 2 0 0 2 1 2 1 1 1 2 0 8 122 2 7 8 3 2 0 6 2 0 1 ]{294: ADD}
[ 4 -999 0 4 2 0 0 2 1 2 1 1 1 2 0 8 122 2 7 8 3 2 0 6 2 1 ]{295: STI}
[ 4 -999 1 4 2 0 0 2 1 2 1 1 1 2 0 8 122 2 7 8 3 2 0 6 1 ]{296: INCSP -1}
[ 4 -999 1 4 2 0 0 2 1 2 1 1 1 2 0 8 122 2 7 8 3 2 0 6 ]{298: GETBP}
[ 4 -999 1 4 2 0 0 2 1 2 1 1 1 2 0 8 122 2 7 8 3 2 0 6 18 ]{299: CSTI 5}
[ 4 -999 1 4 2 0 0 2 1 2 1 1 1 2 0 8 122 2 7 8 3 2 0 6 18 5 ]{301: ADD}
[ 4 -999 1 4 2 0 0 2 1 2 1 1 1 2 0 8 122 2 7 8 3 2 0 6 23 ]{302: GETBP}
[ 4 -999 1 4 2 0 0 2 1 2 1 1 1 2 0 8 122 2 7 8 3 2 0 6 23 18 ]{303: CSTI 5}
[ 4 -999 1 4 2 0 0 2 1 2 1 1 1 2 0 8 122 2 7 8 3 2 0 6 23 18 5 ]{305: ADD}
[ 4 -999 1 4 2 0 0 2 1 2 1 1 1 2 0 8 122 2 7 8 3 2 0 6 23 23 ]{306: LDI}
[ 4 -999 1 4 2 0 0 2 1 2 1 1 1 2 0 8 122 2 7 8 3 2 0 6 23 6 ]{307: CSTI 1}
[ 4 -999 1 4 2 0 0 2 1 2 1 1 1 2 0 8 122 2 7 8 3 2 0 6 23 6 1 ]{309: ADD}
[ 4 -999 1 4 2 0 0 2 1 2 1 1 1 2 0 8 122 2 7 8 3 2 0 6 23 7 ]{310: STI}
[ 4 -999 1 4 2 0 0 2 1 2 1 1 1 2 0 8 122 2 7 8 3 2 0 7 7 ]{311: INCSP -1}
[ 4 -999 1 4 2 0 0 2 1 2 1 1 1 2 0 8 122 2 7 8 3 2 0 7 ]{313: GETBP}
[ 4 -999 1 4 2 0 0 2 1 2 1 1 1 2 0 8 122 2 7 8 3 2 0 7 18 ]{314: CSTI 5}
[ 4 -999 1 4 2 0 0 2 1 2 1 1 1 2 0 8 122 2 7 8 3 2 0 7 18 5 ]{316: ADD}
[ 4 -999 1 4 2 0 0 2 1 2 1 1 1 2 0 8 122 2 7 8 3 2 0 7 23 ]{317: LDI}
[ 4 -999 1 4 2 0 0 2 1 2 1 1 1 2 0 8 122 2 7 8 3 2 0 7 7 ]{318: GETBP}
[ 4 -999 1 4 2 0 0 2 1 2 1 1 1 2 0 8 122 2 7 8 3 2 0 7 7 18 ]{319: LDI}
[ 4 -999 1 4 2 0 0 2 1 2 1 1 1 2 0 8 122 2 7 8 3 2 0 7 7 7 ]{320: LT}
[ 4 -999 1 4 2 0 0 2 1 2 1 1 1 2 0 8 122 2 7 8 3 2 0 7 0 ]{321: IFNZRO 250}
[ 4 -999 1 4 2 0 0 2 1 2 1 1 1 2 0 8 122 2 7 8 3 2 0 7 ]{323: RET 5}
[ 4 -999 1 4 2 0 0 2 1 2 1 1 1 2 0 8 7 ]{122: GETBP}
[ 4 -999 1 4 2 0 0 2 1 2 1 1 1 2 0 8 7 2 ]{123: CSTI 14}
[ 4 -999 1 4 2 0 0 2 1 2 1 1 1 2 0 8 7 2 14 ]{125: ADD}
[ 4 -999 1 4 2 0 0 2 1 2 1 1 1 2 0 8 7 16 ]{126: CSTI 0}
[ 4 -999 1 4 2 0 0 2 1 2 1 1 1 2 0 8 7 16 0 ]{128: STI}
[ 4 -999 1 4 2 0 0 2 1 2 1 1 1 2 0 8 0 0 ]{129: INCSP -1}
[ 4 -999 1 4 2 0 0 2 1 2 1 1 1 2 0 8 0 ]{131: GOTO 168}
[ 4 -999 1 4 2 0 0 2 1 2 1 1 1 2 0 8 0 ]{168: GETBP}
[ 4 -999 1 4 2 0 0 2 1 2 1 1 1 2 0 8 0 2 ]{169: CSTI 14}
[ 4 -999 1 4 2 0 0 2 1 2 1 1 1 2 0 8 0 2 14 ]{171: ADD}
[ 4 -999 1 4 2 0 0 2 1 2 1 1 1 2 0 8 0 16 ]{172: LDI}
[ 4 -999 1 4 2 0 0 2 1 2 1 1 1 2 0 8 0 0 ]{173: CSTI 5}
[ 4 -999 1 4 2 0 0 2 1 2 1 1 1 2 0 8 0 0 5 ]{175: LT}
[ 4 -999 1 4 2 0 0 2 1 2 1 1 1 2 0 8 0 1 ]{176: IFNZRO 133}
[ 4 -999 1 4 2 0 0 2 1 2 1 1 1 2 0 8 0 ]{133: GETBP}
[ 4 -999 1 4 2 0 0 2 1 2 1 1 1 2 0 8 0 2 ]{134: CSTI 5}
[ 4 -999 1 4 2 0 0 2 1 2 1 1 1 2 0 8 0 2 5 ]{136: ADD}
[ 4 -999 1 4 2 0 0 2 1 2 1 1 1 2 0 8 0 7 ]{137: LDI}
[ 4 -999 1 4 2 0 0 2 1 2 1 1 1 2 0 8 0 2 ]{138: GETBP}
[ 4 -999 1 4 2 0 0 2 1 2 1 1 1 2 0 8 0 2 2 ]{139: CSTI 14}
[ 4 -999 1 4 2 0 0 2 1 2 1 1 1 2 0 8 0 2 2 14 ]{141: ADD}
[ 4 -999 1 4 2 0 0 2 1 2 1 1 1 2 0 8 0 2 16 ]{142: LDI}
[ 4 -999 1 4 2 0 0 2 1 2 1 1 1 2 0 8 0 2 0 ]{143: ADD}
[ 4 -999 1 4 2 0 0 2 1 2 1 1 1 2 0 8 0 2 ]{144: LDI}
[ 4 -999 1 4 2 0 0 2 1 2 1 1 1 2 0 8 0 1 ]{145: PRINTI}
1 [ 4 -999 1 4 2 0 0 2 1 2 1 1 1 2 0 8 0 1 ]{146: INCSP -1}
[ 4 -999 1 4 2 0 0 2 1 2 1 1 1 2 0 8 0 ]{148: CSTI 10}
[ 4 -999 1 4 2 0 0 2 1 2 1 1 1 2 0 8 0 10 ]{150: PRINTC}

[ 4 -999 1 4 2 0 0 2 1 2 1 1 1 2 0 8 0 10 ]{151: INCSP -1}
[ 4 -999 1 4 2 0 0 2 1 2 1 1 1 2 0 8 0 ]{153: GETBP}
[ 4 -999 1 4 2 0 0 2 1 2 1 1 1 2 0 8 0 2 ]{154: CSTI 14}
[ 4 -999 1 4 2 0 0 2 1 2 1 1 1 2 0 8 0 2 14 ]{156: ADD}
[ 4 -999 1 4 2 0 0 2 1 2 1 1 1 2 0 8 0 16 ]{157: GETBP}
[ 4 -999 1 4 2 0 0 2 1 2 1 1 1 2 0 8 0 16 2 ]{158: CSTI 14}
[ 4 -999 1 4 2 0 0 2 1 2 1 1 1 2 0 8 0 16 2 14 ]{160: ADD}
[ 4 -999 1 4 2 0 0 2 1 2 1 1 1 2 0 8 0 16 16 ]{161: LDI}
[ 4 -999 1 4 2 0 0 2 1 2 1 1 1 2 0 8 0 16 0 ]{162: CSTI 1}
[ 4 -999 1 4 2 0 0 2 1 2 1 1 1 2 0 8 0 16 0 1 ]{164: ADD}
[ 4 -999 1 4 2 0 0 2 1 2 1 1 1 2 0 8 0 16 1 ]{165: STI}
[ 4 -999 1 4 2 0 0 2 1 2 1 1 1 2 0 8 1 1 ]{166: INCSP -1}
[ 4 -999 1 4 2 0 0 2 1 2 1 1 1 2 0 8 1 ]{168: GETBP}
[ 4 -999 1 4 2 0 0 2 1 2 1 1 1 2 0 8 1 2 ]{169: CSTI 14}
[ 4 -999 1 4 2 0 0 2 1 2 1 1 1 2 0 8 1 2 14 ]{171: ADD}
[ 4 -999 1 4 2 0 0 2 1 2 1 1 1 2 0 8 1 16 ]{172: LDI}
[ 4 -999 1 4 2 0 0 2 1 2 1 1 1 2 0 8 1 1 ]{173: CSTI 5}
[ 4 -999 1 4 2 0 0 2 1 2 1 1 1 2 0 8 1 1 5 ]{175: LT}
[ 4 -999 1 4 2 0 0 2 1 2 1 1 1 2 0 8 1 1 ]{176: IFNZRO 133}
[ 4 -999 1 4 2 0 0 2 1 2 1 1 1 2 0 8 1 ]{133: GETBP}
[ 4 -999 1 4 2 0 0 2 1 2 1 1 1 2 0 8 1 2 ]{134: CSTI 5}
[ 4 -999 1 4 2 0 0 2 1 2 1 1 1 2 0 8 1 2 5 ]{136: ADD}
[ 4 -999 1 4 2 0 0 2 1 2 1 1 1 2 0 8 1 7 ]{137: LDI}
[ 4 -999 1 4 2 0 0 2 1 2 1 1 1 2 0 8 1 2 ]{138: GETBP}
[ 4 -999 1 4 2 0 0 2 1 2 1 1 1 2 0 8 1 2 2 ]{139: CSTI 14}
[ 4 -999 1 4 2 0 0 2 1 2 1 1 1 2 0 8 1 2 2 14 ]{141: ADD}
[ 4 -999 1 4 2 0 0 2 1 2 1 1 1 2 0 8 1 2 16 ]{142: LDI}
[ 4 -999 1 4 2 0 0 2 1 2 1 1 1 2 0 8 1 2 1 ]{143: ADD}
[ 4 -999 1 4 2 0 0 2 1 2 1 1 1 2 0 8 1 3 ]{144: LDI}
[ 4 -999 1 4 2 0 0 2 1 2 1 1 1 2 0 8 1 4 ]{145: PRINTI}
4 [ 4 -999 1 4 2 0 0 2 1 2 1 1 1 2 0 8 1 4 ]{146: INCSP -1}
[ 4 -999 1 4 2 0 0 2 1 2 1 1 1 2 0 8 1 ]{148: CSTI 10}
[ 4 -999 1 4 2 0 0 2 1 2 1 1 1 2 0 8 1 10 ]{150: PRINTC}

[ 4 -999 1 4 2 0 0 2 1 2 1 1 1 2 0 8 1 10 ]{151: INCSP -1}
[ 4 -999 1 4 2 0 0 2 1 2 1 1 1 2 0 8 1 ]{153: GETBP}
[ 4 -999 1 4 2 0 0 2 1 2 1 1 1 2 0 8 1 2 ]{154: CSTI 14}
[ 4 -999 1 4 2 0 0 2 1 2 1 1 1 2 0 8 1 2 14 ]{156: ADD}
[ 4 -999 1 4 2 0 0 2 1 2 1 1 1 2 0 8 1 16 ]{157: GETBP}
[ 4 -999 1 4 2 0 0 2 1 2 1 1 1 2 0 8 1 16 2 ]{158: CSTI 14}
[ 4 -999 1 4 2 0 0 2 1 2 1 1 1 2 0 8 1 16 2 14 ]{160: ADD}
[ 4 -999 1 4 2 0 0 2 1 2 1 1 1 2 0 8 1 16 16 ]{161: LDI}
[ 4 -999 1 4 2 0 0 2 1 2 1 1 1 2 0 8 1 16 1 ]{162: CSTI 1}
[ 4 -999 1 4 2 0 0 2 1 2 1 1 1 2 0 8 1 16 1 1 ]{164: ADD}
[ 4 -999 1 4 2 0 0 2 1 2 1 1 1 2 0 8 1 16 2 ]{165: STI}
[ 4 -999 1 4 2 0 0 2 1 2 1 1 1 2 0 8 2 2 ]{166: INCSP -1}
[ 4 -999 1 4 2 0 0 2 1 2 1 1 1 2 0 8 2 ]{168: GETBP}
[ 4 -999 1 4 2 0 0 2 1 2 1 1 1 2 0 8 2 2 ]{169: CSTI 14}
[ 4 -999 1 4 2 0 0 2 1 2 1 1 1 2 0 8 2 2 14 ]{171: ADD}
[ 4 -999 1 4 2 0 0 2 1 2 1 1 1 2 0 8 2 16 ]{172: LDI}
[ 4 -999 1 4 2 0 0 2 1 2 1 1 1 2 0 8 2 2 ]{173: CSTI 5}
[ 4 -999 1 4 2 0 0 2 1 2 1 1 1 2 0 8 2 2 5 ]{175: LT}
[ 4 -999 1 4 2 0 0 2 1 2 1 1 1 2 0 8 2 1 ]{176: IFNZRO 133}
[ 4 -999 1 4 2 0 0 2 1 2 1 1 1 2 0 8 2 ]{133: GETBP}
[ 4 -999 1 4 2 0 0 2 1 2 1 1 1 2 0 8 2 2 ]{134: CSTI 5}
[ 4 -999 1 4 2 0 0 2 1 2 1 1 1 2 0 8 2 2 5 ]{136: ADD}
[ 4 -999 1 4 2 0 0 2 1 2 1 1 1 2 0 8 2 7 ]{137: LDI}
[ 4 -999 1 4 2 0 0 2 1 2 1 1 1 2 0 8 2 2 ]{138: GETBP}
[ 4 -999 1 4 2 0 0 2 1 2 1 1 1 2 0 8 2 2 2 ]{139: CSTI 14}
[ 4 -999 1 4 2 0 0 2 1 2 1 1 1 2 0 8 2 2 2 14 ]{141: ADD}
[ 4 -999 1 4 2 0 0 2 1 2 1 1 1 2 0 8 2 2 16 ]{142: LDI}
[ 4 -999 1 4 2 0 0 2 1 2 1 1 1 2 0 8 2 2 2 ]{143: ADD}
[ 4 -999 1 4 2 0 0 2 1 2 1 1 1 2 0 8 2 4 ]{144: LDI}
[ 4 -999 1 4 2 0 0 2 1 2 1 1 1 2 0 8 2 2 ]{145: PRINTI}
2 [ 4 -999 1 4 2 0 0 2 1 2 1 1 1 2 0 8 2 2 ]{146: INCSP -1}
[ 4 -999 1 4 2 0 0 2 1 2 1 1 1 2 0 8 2 ]{148: CSTI 10}
[ 4 -999 1 4 2 0 0 2 1 2 1 1 1 2 0 8 2 10 ]{150: PRINTC}

[ 4 -999 1 4 2 0 0 2 1 2 1 1 1 2 0 8 2 10 ]{151: INCSP -1}
[ 4 -999 1 4 2 0 0 2 1 2 1 1 1 2 0 8 2 ]{153: GETBP}
[ 4 -999 1 4 2 0 0 2 1 2 1 1 1 2 0 8 2 2 ]{154: CSTI 14}
[ 4 -999 1 4 2 0 0 2 1 2 1 1 1 2 0 8 2 2 14 ]{156: ADD}
[ 4 -999 1 4 2 0 0 2 1 2 1 1 1 2 0 8 2 16 ]{157: GETBP}
[ 4 -999 1 4 2 0 0 2 1 2 1 1 1 2 0 8 2 16 2 ]{158: CSTI 14}
[ 4 -999 1 4 2 0 0 2 1 2 1 1 1 2 0 8 2 16 2 14 ]{160: ADD}
[ 4 -999 1 4 2 0 0 2 1 2 1 1 1 2 0 8 2 16 16 ]{161: LDI}
[ 4 -999 1 4 2 0 0 2 1 2 1 1 1 2 0 8 2 16 2 ]{162: CSTI 1}
[ 4 -999 1 4 2 0 0 2 1 2 1 1 1 2 0 8 2 16 2 1 ]{164: ADD}
[ 4 -999 1 4 2 0 0 2 1 2 1 1 1 2 0 8 2 16 3 ]{165: STI}
[ 4 -999 1 4 2 0 0 2 1 2 1 1 1 2 0 8 3 3 ]{166: INCSP -1}
[ 4 -999 1 4 2 0 0 2 1 2 1 1 1 2 0 8 3 ]{168: GETBP}
[ 4 -999 1 4 2 0 0 2 1 2 1 1 1 2 0 8 3 2 ]{169: CSTI 14}
[ 4 -999 1 4 2 0 0 2 1 2 1 1 1 2 0 8 3 2 14 ]{171: ADD}
[ 4 -999 1 4 2 0 0 2 1 2 1 1 1 2 0 8 3 16 ]{172: LDI}
[ 4 -999 1 4 2 0 0 2 1 2 1 1 1 2 0 8 3 3 ]{173: CSTI 5}
[ 4 -999 1 4 2 0 0 2 1 2 1 1 1 2 0 8 3 3 5 ]{175: LT}
[ 4 -999 1 4 2 0 0 2 1 2 1 1 1 2 0 8 3 1 ]{176: IFNZRO 133}
[ 4 -999 1 4 2 0 0 2 1 2 1 1 1 2 0 8 3 ]{133: GETBP}
[ 4 -999 1 4 2 0 0 2 1 2 1 1 1 2 0 8 3 2 ]{134: CSTI 5}
[ 4 -999 1 4 2 0 0 2 1 2 1 1 1 2 0 8 3 2 5 ]{136: ADD}
[ 4 -999 1 4 2 0 0 2 1 2 1 1 1 2 0 8 3 7 ]{137: LDI}
[ 4 -999 1 4 2 0 0 2 1 2 1 1 1 2 0 8 3 2 ]{138: GETBP}
[ 4 -999 1 4 2 0 0 2 1 2 1 1 1 2 0 8 3 2 2 ]{139: CSTI 14}
[ 4 -999 1 4 2 0 0 2 1 2 1 1 1 2 0 8 3 2 2 14 ]{141: ADD}
[ 4 -999 1 4 2 0 0 2 1 2 1 1 1 2 0 8 3 2 16 ]{142: LDI}
[ 4 -999 1 4 2 0 0 2 1 2 1 1 1 2 0 8 3 2 3 ]{143: ADD}
[ 4 -999 1 4 2 0 0 2 1 2 1 1 1 2 0 8 3 5 ]{144: LDI}
[ 4 -999 1 4 2 0 0 2 1 2 1 1 1 2 0 8 3 0 ]{145: PRINTI}
0 [ 4 -999 1 4 2 0 0 2 1 2 1 1 1 2 0 8 3 0 ]{146: INCSP -1}
[ 4 -999 1 4 2 0 0 2 1 2 1 1 1 2 0 8 3 ]{148: CSTI 10}
[ 4 -999 1 4 2 0 0 2 1 2 1 1 1 2 0 8 3 10 ]{150: PRINTC}

[ 4 -999 1 4 2 0 0 2 1 2 1 1 1 2 0 8 3 10 ]{151: INCSP -1}
[ 4 -999 1 4 2 0 0 2 1 2 1 1 1 2 0 8 3 ]{153: GETBP}
[ 4 -999 1 4 2 0 0 2 1 2 1 1 1 2 0 8 3 2 ]{154: CSTI 14}
[ 4 -999 1 4 2 0 0 2 1 2 1 1 1 2 0 8 3 2 14 ]{156: ADD}
[ 4 -999 1 4 2 0 0 2 1 2 1 1 1 2 0 8 3 16 ]{157: GETBP}
[ 4 -999 1 4 2 0 0 2 1 2 1 1 1 2 0 8 3 16 2 ]{158: CSTI 14}
[ 4 -999 1 4 2 0 0 2 1 2 1 1 1 2 0 8 3 16 2 14 ]{160: ADD}
[ 4 -999 1 4 2 0 0 2 1 2 1 1 1 2 0 8 3 16 16 ]{161: LDI}
[ 4 -999 1 4 2 0 0 2 1 2 1 1 1 2 0 8 3 16 3 ]{162: CSTI 1}
[ 4 -999 1 4 2 0 0 2 1 2 1 1 1 2 0 8 3 16 3 1 ]{164: ADD}
[ 4 -999 1 4 2 0 0 2 1 2 1 1 1 2 0 8 3 16 4 ]{165: STI}
[ 4 -999 1 4 2 0 0 2 1 2 1 1 1 2 0 8 4 4 ]{166: INCSP -1}
[ 4 -999 1 4 2 0 0 2 1 2 1 1 1 2 0 8 4 ]{168: GETBP}
[ 4 -999 1 4 2 0 0 2 1 2 1 1 1 2 0 8 4 2 ]{169: CSTI 14}
[ 4 -999 1 4 2 0 0 2 1 2 1 1 1 2 0 8 4 2 14 ]{171: ADD}
[ 4 -999 1 4 2 0 0 2 1 2 1 1 1 2 0 8 4 16 ]{172: LDI}
[ 4 -999 1 4 2 0 0 2 1 2 1 1 1 2 0 8 4 4 ]{173: CSTI 5}
[ 4 -999 1 4 2 0 0 2 1 2 1 1 1 2 0 8 4 4 5 ]{175: LT}
[ 4 -999 1 4 2 0 0 2 1 2 1 1 1 2 0 8 4 1 ]{176: IFNZRO 133}
[ 4 -999 1 4 2 0 0 2 1 2 1 1 1 2 0 8 4 ]{133: GETBP}
[ 4 -999 1 4 2 0 0 2 1 2 1 1 1 2 0 8 4 2 ]{134: CSTI 5}
[ 4 -999 1 4 2 0 0 2 1 2 1 1 1 2 0 8 4 2 5 ]{136: ADD}
[ 4 -999 1 4 2 0 0 2 1 2 1 1 1 2 0 8 4 7 ]{137: LDI}
[ 4 -999 1 4 2 0 0 2 1 2 1 1 1 2 0 8 4 2 ]{138: GETBP}
[ 4 -999 1 4 2 0 0 2 1 2 1 1 1 2 0 8 4 2 2 ]{139: CSTI 14}
[ 4 -999 1 4 2 0 0 2 1 2 1 1 1 2 0 8 4 2 2 14 ]{141: ADD}
[ 4 -999 1 4 2 0 0 2 1 2 1 1 1 2 0 8 4 2 16 ]{142: LDI}
[ 4 -999 1 4 2 0 0 2 1 2 1 1 1 2 0 8 4 2 4 ]{143: ADD}
[ 4 -999 1 4 2 0 0 2 1 2 1 1 1 2 0 8 4 6 ]{144: LDI}
[ 4 -999 1 4 2 0 0 2 1 2 1 1 1 2 0 8 4 0 ]{145: PRINTI}
0 [ 4 -999 1 4 2 0 0 2 1 2 1 1 1 2 0 8 4 0 ]{146: INCSP -1}
[ 4 -999 1 4 2 0 0 2 1 2 1 1 1 2 0 8 4 ]{148: CSTI 10}
[ 4 -999 1 4 2 0 0 2 1 2 1 1 1 2 0 8 4 10 ]{150: PRINTC}

[ 4 -999 1 4 2 0 0 2 1 2 1 1 1 2 0 8 4 10 ]{151: INCSP -1}
[ 4 -999 1 4 2 0 0 2 1 2 1 1 1 2 0 8 4 ]{153: GETBP}
[ 4 -999 1 4 2 0 0 2 1 2 1 1 1 2 0 8 4 2 ]{154: CSTI 14}
[ 4 -999 1 4 2 0 0 2 1 2 1 1 1 2 0 8 4 2 14 ]{156: ADD}
[ 4 -999 1 4 2 0 0 2 1 2 1 1 1 2 0 8 4 16 ]{157: GETBP}
[ 4 -999 1 4 2 0 0 2 1 2 1 1 1 2 0 8 4 16 2 ]{158: CSTI 14}
[ 4 -999 1 4 2 0 0 2 1 2 1 1 1 2 0 8 4 16 2 14 ]{160: ADD}
[ 4 -999 1 4 2 0 0 2 1 2 1 1 1 2 0 8 4 16 16 ]{161: LDI}
[ 4 -999 1 4 2 0 0 2 1 2 1 1 1 2 0 8 4 16 4 ]{162: CSTI 1}
[ 4 -999 1 4 2 0 0 2 1 2 1 1 1 2 0 8 4 16 4 1 ]{164: ADD}
[ 4 -999 1 4 2 0 0 2 1 2 1 1 1 2 0 8 4 16 5 ]{165: STI}
[ 4 -999 1 4 2 0 0 2 1 2 1 1 1 2 0 8 5 5 ]{166: INCSP -1}
[ 4 -999 1 4 2 0 0 2 1 2 1 1 1 2 0 8 5 ]{168: GETBP}
[ 4 -999 1 4 2 0 0 2 1 2 1 1 1 2 0 8 5 2 ]{169: CSTI 14}
[ 4 -999 1 4 2 0 0 2 1 2 1 1 1 2 0 8 5 2 14 ]{171: ADD}
[ 4 -999 1 4 2 0 0 2 1 2 1 1 1 2 0 8 5 16 ]{172: LDI}
[ 4 -999 1 4 2 0 0 2 1 2 1 1 1 2 0 8 5 5 ]{173: CSTI 5}
[ 4 -999 1 4 2 0 0 2 1 2 1 1 1 2 0 8 5 5 5 ]{175: LT}
[ 4 -999 1 4 2 0 0 2 1 2 1 1 1 2 0 8 5 0 ]{176: IFNZRO 133}
[ 4 -999 1 4 2 0 0 2 1 2 1 1 1 2 0 8 5 ]{178: RET 14}
[ 5 ]{4: STOP}
