[ ]{0: LDARGS}
[ ]{1: CALL 0 5}
[ 4 -999 ]{5: INCSP 4}
[ 4 -999 0 0 0 0 ]{7: GETSP}
[ 4 -999 0 0 0 0 5 ]{8: CSTI 3}
[ 4 -999 0 0 0 0 5 3 ]{10: SUB}
[ 4 -999 0 0 0 0 2 ]{11: GETBP}
[ 4 -999 0 0 0 0 2 2 ]{12: CSTI 4}
[ 4 -999 0 0 0 0 2 2 4 ]{14: ADD}
[ 4 -999 0 0 0 0 2 6 ]{15: LDI}
[ 4 -999 0 0 0 0 2 2 ]{16: CSTI 7}
[ 4 -999 0 0 0 0 2 2 7 ]{18: STI}
[ 4 -999 7 0 0 0 2 7 ]{19: INCSP -1}
[ 4 -999 7 0 0 0 2 ]{21: GETBP}
[ 4 -999 7 0 0 0 2 2 ]{22: CSTI 4}
[ 4 -999 7 0 0 0 2 2 4 ]{24: ADD}
[ 4 -999 7 0 0 0 2 6 ]{25: LDI}
[ 4 -999 7 0 0 0 2 2 ]{26: CSTI 1}
[ 4 -999 7 0 0 0 2 2 1 ]{28: ADD}
[ 4 -999 7 0 0 0 2 3 ]{29: CSTI 13}
[ 4 -999 7 0 0 0 2 3 13 ]{31: STI}
[ 4 -999 7 13 0 0 2 13 ]{32: INCSP -1}
[ 4 -999 7 13 0 0 2 ]{34: GETBP}
[ 4 -999 7 13 0 0 2 2 ]{35: CSTI 4}
[ 4 -999 7 13 0 0 2 2 4 ]{37: ADD}
[ 4 -999 7 13 0 0 2 6 ]{38: LDI}
[ 4 -999 7 13 0 0 2 2 ]{39: CSTI 2}
[ 4 -999 7 13 0 0 2 2 2 ]{41: ADD}
[ 4 -999 7 13 0 0 2 4 ]{42: CSTI 9}
[ 4 -999 7 13 0 0 2 4 9 ]{44: STI}
[ 4 -999 7 13 9 0 2 9 ]{45: INCSP -1}
[ 4 -999 7 13 9 0 2 ]{47: GETBP}
[ 4 -999 7 13 9 0 2 2 ]{48: CSTI 4}
[ 4 -999 7 13 9 0 2 2 4 ]{50: ADD}
[ 4 -999 7 13 9 0 2 6 ]{51: LDI}
[ 4 -999 7 13 9 0 2 2 ]{52: CSTI 3}
[ 4 -999 7 13 9 0 2 2 3 ]{54: ADD}
[ 4 -999 7 13 9 0 2 5 ]{55: CSTI 8}
[ 4 -999 7 13 9 0 2 5 8 ]{57: STI}
[ 4 -999 7 13 9 8 2 8 ]{58: CSTI 4}
[ 4 -999 7 13 9 8 2 8 4 ]{60: GETBP}
[ 4 -999 7 13 9 8 2 8 4 2 ]{61: CSTI 4}
[ 4 -999 7 13 9 8 2 8 4 2 4 ]{63: ADD}
[ 4 -999 7 13 9 8 2 8 4 6 ]{64: LDI}
[ 4 -999 7 13 9 8 2 8 4 2 ]{65: GETBP}
[ 4 -999 7 13 9 8 2 8 4 2 2 ]{66: CSTI 5}
[ 4 -999 7 13 9 8 2 8 4 2 2 5 ]{68: ADD}
[ 4 -999 7 13 9 8 2 8 4 2 7 ]{69: CALL 3 87}
[ 4 -999 7 13 9 8 2 8 72 2 4 2 7 ]{87: GETBP}
[ 4 -999 7 13 9 8 2 8 72 2 4 2 7 10 ]{88: CSTI 2}
[ 4 -999 7 13 9 8 2 8 72 2 4 2 7 10 2 ]{90: ADD}
[ 4 -999 7 13 9 8 2 8 72 2 4 2 7 12 ]{91: LDI}
[ 4 -999 7 13 9 8 2 8 72 2 4 2 7 7 ]{92: CSTI 0}
[ 4 -999 7 13 9 8 2 8 72 2 4 2 7 7 0 ]{94: STI}
[ 4 -999 7 13 9 8 2 0 72 2 4 2 7 0 ]{95: GETBP}
[ 4 -999 7 13 9 8 2 0 72 2 4 2 7 0 10 ]{96: CSTI 3}
[ 4 -999 7 13 9 8 2 0 72 2 4 2 7 0 10 3 ]{98: ADD}
[ 4 -999 7 13 9 8 2 0 72 2 4 2 7 0 13 ]{99: CSTI 0}
[ 4 -999 7 13 9 8 2 0 72 2 4 2 7 0 13 0 ]{101: STI}
[ 4 -999 7 13 9 8 2 0 72 2 4 2 7 0 0 ]{102: INCSP -1}
[ 4 -999 7 13 9 8 2 0 72 2 4 2 7 0 ]{104: GOTO 148}
[ 4 -999 7 13 9 8 2 0 72 2 4 2 7 0 ]{148: GETBP}
[ 4 -999 7 13 9 8 2 0 72 2 4 2 7 0 10 ]{149: CSTI 3}
[ 4 -999 7 13 9 8 2 0 72 2 4 2 7 0 10 3 ]{151: ADD}
[ 4 -999 7 13 9 8 2 0 72 2 4 2 7 0 13 ]{152: LDI}
[ 4 -999 7 13 9 8 2 0 72 2 4 2 7 0 0 ]{153: GETBP}
[ 4 -999 7 13 9 8 2 0 72 2 4 2 7 0 0 10 ]{154: LDI}
[ 4 -999 7 13 9 8 2 0 72 2 4 2 7 0 0 4 ]{155: LT}
[ 4 -999 7 13 9 8 2 0 72 2 4 2 7 0 1 ]{156: IFNZRO 106}
[ 4 -999 7 13 9 8 2 0 72 2 4 2 7 0 ]{106: GETBP}
[ 4 -999 7 13 9 8 2 0 72 2 4 2 7 0 10 ]{107: CSTI 2}
[ 4 -999 7 13 9 8 2 0 72 2 4 2 7 0 10 2 ]{109: ADD}
[ 4 -999 7 13 9 8 2 0 72 2 4 2 7 0 12 ]{110: LDI}
[ 4 -999 7 13 9 8 2 0 72 2 4 2 7 0 7 ]{111: GETBP}
[ 4 -999 7 13 9 8 2 0 72 2 4 2 7 0 7 10 ]{112: CSTI 2}
[ 4 -999 7 13 9 8 2 0 72 2 4 2 7 0 7 10 2 ]{114: ADD}
[ 4 -999 7 13 9 8 2 0 72 2 4 2 7 0 7 12 ]{115: LDI}
[ 4 -999 7 13 9 8 2 0 72 2 4 2 7 0 7 7 ]{116: LDI}
[ 4 -999 7 13 9 8 2 0 72 2 4 2 7 0 7 0 ]{117: GETBP}
[ 4 -999 7 13 9 8 2 0 72 2 4 2 7 0 7 0 10 ]{118: CSTI 1}
[ 4 -999 7 13 9 8 2 0 72 2 4 2 7 0 7 0 10 1 ]{120: ADD}
[ 4 -999 7 13 9 8 2 0 72 2 4 2 7 0 7 0 11 ]{121: LDI}
[ 4 -999 7 13 9 8 2 0 72 2 4 2 7 0 7 0 2 ]{122: GETBP}
[ 4 -999 7 13 9 8 2 0 72 2 4 2 7 0 7 0 2 10 ]{123: CSTI 3}
[ 4 -999 7 13 9 8 2 0 72 2 4 2 7 0 7 0 2 10 3 ]{125: ADD}
[ 4 -999 7 13 9 8 2 0 72 2 4 2 7 0 7 0 2 13 ]{126: LDI}
[ 4 -999 7 13 9 8 2 0 72 2 4 2 7 0 7 0 2 0 ]{127: ADD}
[ 4 -999 7 13 9 8 2 0 72 2 4 2 7 0 7 0 2 ]{128: LDI}
[ 4 -999 7 13 9 8 2 0 72 2 4 2 7 0 7 0 7 ]{129: ADD}
[ 4 -999 7 13 9 8 2 0 72 2 4 2 7 0 7 7 ]{130: STI}
[ 4 -999 7 13 9 8 2 7 72 2 4 2 7 0 7 ]{131: INCSP -1}
[ 4 -999 7 13 9 8 2 7 72 2 4 2 7 0 ]{133: GETBP}
[ 4 -999 7 13 9 8 2 7 72 2 4 2 7 0 10 ]{134: CSTI 3}
[ 4 -999 7 13 9 8 2 7 72 2 4 2 7 0 10 3 ]{136: ADD}
[ 4 -999 7 13 9 8 2 7 72 2 4 2 7 0 13 ]{137: GETBP}
[ 4 -999 7 13 9 8 2 7 72 2 4 2 7 0 13 10 ]{138: CSTI 3}
[ 4 -999 7 13 9 8 2 7 72 2 4 2 7 0 13 10 3 ]{140: ADD}
[ 4 -999 7 13 9 8 2 7 72 2 4 2 7 0 13 13 ]{141: LDI}
[ 4 -999 7 13 9 8 2 7 72 2 4 2 7 0 13 0 ]{142: CSTI 1}
[ 4 -999 7 13 9 8 2 7 72 2 4 2 7 0 13 0 1 ]{144: ADD}
[ 4 -999 7 13 9 8 2 7 72 2 4 2 7 0 13 1 ]{145: STI}
[ 4 -999 7 13 9 8 2 7 72 2 4 2 7 1 1 ]{146: INCSP -1}
[ 4 -999 7 13 9 8 2 7 72 2 4 2 7 1 ]{148: GETBP}
[ 4 -999 7 13 9 8 2 7 72 2 4 2 7 1 10 ]{149: CSTI 3}
[ 4 -999 7 13 9 8 2 7 72 2 4 2 7 1 10 3 ]{151: ADD}
[ 4 -999 7 13 9 8 2 7 72 2 4 2 7 1 13 ]{152: LDI}
[ 4 -999 7 13 9 8 2 7 72 2 4 2 7 1 1 ]{153: GETBP}
[ 4 -999 7 13 9 8 2 7 72 2 4 2 7 1 1 10 ]{154: LDI}
[ 4 -999 7 13 9 8 2 7 72 2 4 2 7 1 1 4 ]{155: LT}
[ 4 -999 7 13 9 8 2 7 72 2 4 2 7 1 1 ]{156: IFNZRO 106}
[ 4 -999 7 13 9 8 2 7 72 2 4 2 7 1 ]{106: GETBP}
[ 4 -999 7 13 9 8 2 7 72 2 4 2 7 1 10 ]{107: CSTI 2}
[ 4 -999 7 13 9 8 2 7 72 2 4 2 7 1 10 2 ]{109: ADD}
[ 4 -999 7 13 9 8 2 7 72 2 4 2 7 1 12 ]{110: LDI}
[ 4 -999 7 13 9 8 2 7 72 2 4 2 7 1 7 ]{111: GETBP}
[ 4 -999 7 13 9 8 2 7 72 2 4 2 7 1 7 10 ]{112: CSTI 2}
[ 4 -999 7 13 9 8 2 7 72 2 4 2 7 1 7 10 2 ]{114: ADD}
[ 4 -999 7 13 9 8 2 7 72 2 4 2 7 1 7 12 ]{115: LDI}
[ 4 -999 7 13 9 8 2 7 72 2 4 2 7 1 7 7 ]{116: LDI}
[ 4 -999 7 13 9 8 2 7 72 2 4 2 7 1 7 7 ]{117: GETBP}
[ 4 -999 7 13 9 8 2 7 72 2 4 2 7 1 7 7 10 ]{118: CSTI 1}
[ 4 -999 7 13 9 8 2 7 72 2 4 2 7 1 7 7 10 1 ]{120: ADD}
[ 4 -999 7 13 9 8 2 7 72 2 4 2 7 1 7 7 11 ]{121: LDI}
[ 4 -999 7 13 9 8 2 7 72 2 4 2 7 1 7 7 2 ]{122: GETBP}
[ 4 -999 7 13 9 8 2 7 72 2 4 2 7 1 7 7 2 10 ]{123: CSTI 3}
[ 4 -999 7 13 9 8 2 7 72 2 4 2 7 1 7 7 2 10 3 ]{125: ADD}
[ 4 -999 7 13 9 8 2 7 72 2 4 2 7 1 7 7 2 13 ]{126: LDI}
[ 4 -999 7 13 9 8 2 7 72 2 4 2 7 1 7 7 2 1 ]{127: ADD}
[ 4 -999 7 13 9 8 2 7 72 2 4 2 7 1 7 7 3 ]{128: LDI}
[ 4 -999 7 13 9 8 2 7 72 2 4 2 7 1 7 7 13 ]{129: ADD}
[ 4 -999 7 13 9 8 2 7 72 2 4 2 7 1 7 20 ]{130: STI}
[ 4 -999 7 13 9 8 2 20 72 2 4 2 7 1 20 ]{131: INCSP -1}
[ 4 -999 7 13 9 8 2 20 72 2 4 2 7 1 ]{133: GETBP}
[ 4 -999 7 13 9 8 2 20 72 2 4 2 7 1 10 ]{134: CSTI 3}
[ 4 -999 7 13 9 8 2 20 72 2 4 2 7 1 10 3 ]{136: ADD}
[ 4 -999 7 13 9 8 2 20 72 2 4 2 7 1 13 ]{137: GETBP}
[ 4 -999 7 13 9 8 2 20 72 2 4 2 7 1 13 10 ]{138: CSTI 3}
[ 4 -999 7 13 9 8 2 20 72 2 4 2 7 1 13 10 3 ]{140: ADD}
[ 4 -999 7 13 9 8 2 20 72 2 4 2 7 1 13 13 ]{141: LDI}
[ 4 -999 7 13 9 8 2 20 72 2 4 2 7 1 13 1 ]{142: CSTI 1}
[ 4 -999 7 13 9 8 2 20 72 2 4 2 7 1 13 1 1 ]{144: ADD}
[ 4 -999 7 13 9 8 2 20 72 2 4 2 7 1 13 2 ]{145: STI}
[ 4 -999 7 13 9 8 2 20 72 2 4 2 7 2 2 ]{146: INCSP -1}
[ 4 -999 7 13 9 8 2 20 72 2 4 2 7 2 ]{148: GETBP}
[ 4 -999 7 13 9 8 2 20 72 2 4 2 7 2 10 ]{149: CSTI 3}
[ 4 -999 7 13 9 8 2 20 72 2 4 2 7 2 10 3 ]{151: ADD}
[ 4 -999 7 13 9 8 2 20 72 2 4 2 7 2 13 ]{152: LDI}
[ 4 -999 7 13 9 8 2 20 72 2 4 2 7 2 2 ]{153: GETBP}
[ 4 -999 7 13 9 8 2 20 72 2 4 2 7 2 2 10 ]{154: LDI}
[ 4 -999 7 13 9 8 2 20 72 2 4 2 7 2 2 4 ]{155: LT}
[ 4 -999 7 13 9 8 2 20 72 2 4 2 7 2 1 ]{156: IFNZRO 106}
[ 4 -999 7 13 9 8 2 20 72 2 4 2 7 2 ]{106: GETBP}
[ 4 -999 7 13 9 8 2 20 72 2 4 2 7 2 10 ]{107: CSTI 2}
[ 4 -999 7 13 9 8 2 20 72 2 4 2 7 2 10 2 ]{109: ADD}
[ 4 -999 7 13 9 8 2 20 72 2 4 2 7 2 12 ]{110: LDI}
[ 4 -999 7 13 9 8 2 20 72 2 4 2 7 2 7 ]{111: GETBP}
[ 4 -999 7 13 9 8 2 20 72 2 4 2 7 2 7 10 ]{112: CSTI 2}
[ 4 -999 7 13 9 8 2 20 72 2 4 2 7 2 7 10 2 ]{114: ADD}
[ 4 -999 7 13 9 8 2 20 72 2 4 2 7 2 7 12 ]{115: LDI}
[ 4 -999 7 13 9 8 2 20 72 2 4 2 7 2 7 7 ]{116: LDI}
[ 4 -999 7 13 9 8 2 20 72 2 4 2 7 2 7 20 ]{117: GETBP}
[ 4 -999 7 13 9 8 2 20 72 2 4 2 7 2 7 20 10 ]{118: CSTI 1}
[ 4 -999 7 13 9 8 2 20 72 2 4 2 7 2 7 20 10 1 ]{120: ADD}
[ 4 -999 7 13 9 8 2 20 72 2 4 2 7 2 7 20 11 ]{121: LDI}
[ 4 -999 7 13 9 8 2 20 72 2 4 2 7 2 7 20 2 ]{122: GETBP}
[ 4 -999 7 13 9 8 2 20 72 2 4 2 7 2 7 20 2 10 ]{123: CSTI 3}
[ 4 -999 7 13 9 8 2 20 72 2 4 2 7 2 7 20 2 10 3 ]{125: ADD}
[ 4 -999 7 13 9 8 2 20 72 2 4 2 7 2 7 20 2 13 ]{126: LDI}
[ 4 -999 7 13 9 8 2 20 72 2 4 2 7 2 7 20 2 2 ]{127: ADD}
[ 4 -999 7 13 9 8 2 20 72 2 4 2 7 2 7 20 4 ]{128: LDI}
[ 4 -999 7 13 9 8 2 20 72 2 4 2 7 2 7 20 9 ]{129: ADD}
[ 4 -999 7 13 9 8 2 20 72 2 4 2 7 2 7 29 ]{130: STI}
[ 4 -999 7 13 9 8 2 29 72 2 4 2 7 2 29 ]{131: INCSP -1}
[ 4 -999 7 13 9 8 2 29 72 2 4 2 7 2 ]{133: GETBP}
[ 4 -999 7 13 9 8 2 29 72 2 4 2 7 2 10 ]{134: CSTI 3}
[ 4 -999 7 13 9 8 2 29 72 2 4 2 7 2 10 3 ]{136: ADD}
[ 4 -999 7 13 9 8 2 29 72 2 4 2 7 2 13 ]{137: GETBP}
[ 4 -999 7 13 9 8 2 29 72 2 4 2 7 2 13 10 ]{138: CSTI 3}
[ 4 -999 7 13 9 8 2 29 72 2 4 2 7 2 13 10 3 ]{140: ADD}
[ 4 -999 7 13 9 8 2 29 72 2 4 2 7 2 13 13 ]{141: LDI}
[ 4 -999 7 13 9 8 2 29 72 2 4 2 7 2 13 2 ]{142: CSTI 1}
[ 4 -999 7 13 9 8 2 29 72 2 4 2 7 2 13 2 1 ]{144: ADD}
[ 4 -999 7 13 9 8 2 29 72 2 4 2 7 2 13 3 ]{145: STI}
[ 4 -999 7 13 9 8 2 29 72 2 4 2 7 3 3 ]{146: INCSP -1}
[ 4 -999 7 13 9 8 2 29 72 2 4 2 7 3 ]{148: GETBP}
[ 4 -999 7 13 9 8 2 29 72 2 4 2 7 3 10 ]{149: CSTI 3}
[ 4 -999 7 13 9 8 2 29 72 2 4 2 7 3 10 3 ]{151: ADD}
[ 4 -999 7 13 9 8 2 29 72 2 4 2 7 3 13 ]{152: LDI}
[ 4 -999 7 13 9 8 2 29 72 2 4 2 7 3 3 ]{153: GETBP}
[ 4 -999 7 13 9 8 2 29 72 2 4 2 7 3 3 10 ]{154: LDI}
[ 4 -999 7 13 9 8 2 29 72 2 4 2 7 3 3 4 ]{155: LT}
[ 4 -999 7 13 9 8 2 29 72 2 4 2 7 3 1 ]{156: IFNZRO 106}
[ 4 -999 7 13 9 8 2 29 72 2 4 2 7 3 ]{106: GETBP}
[ 4 -999 7 13 9 8 2 29 72 2 4 2 7 3 10 ]{107: CSTI 2}
[ 4 -999 7 13 9 8 2 29 72 2 4 2 7 3 10 2 ]{109: ADD}
[ 4 -999 7 13 9 8 2 29 72 2 4 2 7 3 12 ]{110: LDI}
[ 4 -999 7 13 9 8 2 29 72 2 4 2 7 3 7 ]{111: GETBP}
[ 4 -999 7 13 9 8 2 29 72 2 4 2 7 3 7 10 ]{112: CSTI 2}
[ 4 -999 7 13 9 8 2 29 72 2 4 2 7 3 7 10 2 ]{114: ADD}
[ 4 -999 7 13 9 8 2 29 72 2 4 2 7 3 7 12 ]{115: LDI}
[ 4 -999 7 13 9 8 2 29 72 2 4 2 7 3 7 7 ]{116: LDI}
[ 4 -999 7 13 9 8 2 29 72 2 4 2 7 3 7 29 ]{117: GETBP}
[ 4 -999 7 13 9 8 2 29 72 2 4 2 7 3 7 29 10 ]{118: CSTI 1}
[ 4 -999 7 13 9 8 2 29 72 2 4 2 7 3 7 29 10 1 ]{120: ADD}
[ 4 -999 7 13 9 8 2 29 72 2 4 2 7 3 7 29 11 ]{121: LDI}
[ 4 -999 7 13 9 8 2 29 72 2 4 2 7 3 7 29 2 ]{122: GETBP}
[ 4 -999 7 13 9 8 2 29 72 2 4 2 7 3 7 29 2 10 ]{123: CSTI 3}
[ 4 -999 7 13 9 8 2 29 72 2 4 2 7 3 7 29 2 10 3 ]{125: ADD}
[ 4 -999 7 13 9 8 2 29 72 2 4 2 7 3 7 29 2 13 ]{126: LDI}
[ 4 -999 7 13 9 8 2 29 72 2 4 2 7 3 7 29 2 3 ]{127: ADD}
[ 4 -999 7 13 9 8 2 29 72 2 4 2 7 3 7 29 5 ]{128: LDI}
[ 4 -999 7 13 9 8 2 29 72 2 4 2 7 3 7 29 8 ]{129: ADD}
[ 4 -999 7 13 9 8 2 29 72 2 4 2 7 3 7 37 ]{130: STI}
[ 4 -999 7 13 9 8 2 37 72 2 4 2 7 3 37 ]{131: INCSP -1}
[ 4 -999 7 13 9 8 2 37 72 2 4 2 7 3 ]{133: GETBP}
[ 4 -999 7 13 9 8 2 37 72 2 4 2 7 3 10 ]{134: CSTI 3}
[ 4 -999 7 13 9 8 2 37 72 2 4 2 7 3 10 3 ]{136: ADD}
[ 4 -999 7 13 9 8 2 37 72 2 4 2 7 3 13 ]{137: GETBP}
[ 4 -999 7 13 9 8 2 37 72 2 4 2 7 3 13 10 ]{138: CSTI 3}
[ 4 -999 7 13 9 8 2 37 72 2 4 2 7 3 13 10 3 ]{140: ADD}
[ 4 -999 7 13 9 8 2 37 72 2 4 2 7 3 13 13 ]{141: LDI}
[ 4 -999 7 13 9 8 2 37 72 2 4 2 7 3 13 3 ]{142: CSTI 1}
[ 4 -999 7 13 9 8 2 37 72 2 4 2 7 3 13 3 1 ]{144: ADD}
[ 4 -999 7 13 9 8 2 37 72 2 4 2 7 3 13 4 ]{145: STI}
[ 4 -999 7 13 9 8 2 37 72 2 4 2 7 4 4 ]{146: INCSP -1}
[ 4 -999 7 13 9 8 2 37 72 2 4 2 7 4 ]{148: GETBP}
[ 4 -999 7 13 9 8 2 37 72 2 4 2 7 4 10 ]{149: CSTI 3}
[ 4 -999 7 13 9 8 2 37 72 2 4 2 7 4 10 3 ]{151: ADD}
[ 4 -999 7 13 9 8 2 37 72 2 4 2 7 4 13 ]{152: LDI}
[ 4 -999 7 13 9 8 2 37 72 2 4 2 7 4 4 ]{153: GETBP}
[ 4 -999 7 13 9 8 2 37 72 2 4 2 7 4 4 10 ]{154: LDI}
[ 4 -999 7 13 9 8 2 37 72 2 4 2 7 4 4 4 ]{155: LT}
[ 4 -999 7 13 9 8 2 37 72 2 4 2 7 4 0 ]{156: IFNZRO 106}
[ 4 -999 7 13 9 8 2 37 72 2 4 2 7 4 ]{158: RET 3}
[ 4 -999 7 13 9 8 2 37 4 ]{72: INCSP -1}
[ 4 -999 7 13 9 8 2 37 ]{74: GETBP}
[ 4 -999 7 13 9 8 2 37 2 ]{75: CSTI 5}
[ 4 -999 7 13 9 8 2 37 2 5 ]{77: ADD}
[ 4 -999 7 13 9 8 2 37 7 ]{78: LDI}
[ 4 -999 7 13 9 8 2 37 37 ]{79: PRINTI}
37 [ 4 -999 7 13 9 8 2 37 37 ]{80: INCSP -1}
[ 4 -999 7 13 9 8 2 37 ]{82: CSTI 10}
[ 4 -999 7 13 9 8 2 37 10 ]{84: PRINTC}

[ 4 -999 7 13 9 8 2 37 10 ]{85: RET 6}
[ 10 ]{4: STOP}
