[ ]{0: LDARGS}
[ ]{1: CALL 0 5}
[ 4 -999 ]{5: INCSP 5}
[ 4 -999 0 0 0 0 0 ]{7: GETSP}
[ 4 -999 0 0 0 0 0 6 ]{8: CSTI 4}
[ 4 -999 0 0 0 0 0 6 4 ]{10: SUB}
[ 4 -999 0 0 0 0 0 2 ]{11: CSTI 5}
[ 4 -999 0 0 0 0 0 2 5 ]{13: GETBP}
[ 4 -999 0 0 0 0 0 2 5 2 ]{14: CSTI 5}
[ 4 -999 0 0 0 0 0 2 5 2 5 ]{16: ADD}
[ 4 -999 0 0 0 0 0 2 5 7 ]{17: LDI}
[ 4 -999 0 0 0 0 0 2 5 2 ]{18: CALL 2 123}
[ 4 -999 0 0 0 0 0 2 21 2 5 2 ]{123: INCSP 1}
[ 4 -999 0 0 0 0 0 2 21 2 5 2 0 ]{125: GETBP}
[ 4 -999 0 0 0 0 0 2 21 2 5 2 0 10 ]{126: CSTI 2}
[ 4 -999 0 0 0 0 0 2 21 2 5 2 0 10 2 ]{128: ADD}
[ 4 -999 0 0 0 0 0 2 21 2 5 2 0 12 ]{129: CSTI 0}
[ 4 -999 0 0 0 0 0 2 21 2 5 2 0 12 0 ]{131: STI}
[ 4 -999 0 0 0 0 0 2 21 2 5 2 0 0 ]{132: INCSP -1}
[ 4 -999 0 0 0 0 0 2 21 2 5 2 0 ]{134: GOTO 176}
[ 4 -999 0 0 0 0 0 2 21 2 5 2 0 ]{176: GETBP}
[ 4 -999 0 0 0 0 0 2 21 2 5 2 0 10 ]{177: CSTI 2}
[ 4 -999 0 0 0 0 0 2 21 2 5 2 0 10 2 ]{179: ADD}
[ 4 -999 0 0 0 0 0 2 21 2 5 2 0 12 ]{180: LDI}
[ 4 -999 0 0 0 0 0 2 21 2 5 2 0 0 ]{181: GETBP}
[ 4 -999 0 0 0 0 0 2 21 2 5 2 0 0 10 ]{182: LDI}
[ 4 -999 0 0 0 0 0 2 21 2 5 2 0 0 5 ]{183: LT}
[ 4 -999 0 0 0 0 0 2 21 2 5 2 0 1 ]{184: IFNZRO 136}
[ 4 -999 0 0 0 0 0 2 21 2 5 2 0 ]{136: GETBP}
[ 4 -999 0 0 0 0 0 2 21 2 5 2 0 10 ]{137: CSTI 1}
[ 4 -999 0 0 0 0 0 2 21 2 5 2 0 10 1 ]{139: ADD}
[ 4 -999 0 0 0 0 0 2 21 2 5 2 0 11 ]{140: LDI}
[ 4 -999 0 0 0 0 0 2 21 2 5 2 0 2 ]{141: GETBP}
[ 4 -999 0 0 0 0 0 2 21 2 5 2 0 2 10 ]{142: CSTI 2}
[ 4 -999 0 0 0 0 0 2 21 2 5 2 0 2 10 2 ]{144: ADD}
[ 4 -999 0 0 0 0 0 2 21 2 5 2 0 2 12 ]{145: LDI}
[ 4 -999 0 0 0 0 0 2 21 2 5 2 0 2 0 ]{146: ADD}
[ 4 -999 0 0 0 0 0 2 21 2 5 2 0 2 ]{147: GETBP}
[ 4 -999 0 0 0 0 0 2 21 2 5 2 0 2 10 ]{148: CSTI 2}
[ 4 -999 0 0 0 0 0 2 21 2 5 2 0 2 10 2 ]{150: ADD}
[ 4 -999 0 0 0 0 0 2 21 2 5 2 0 2 12 ]{151: LDI}
[ 4 -999 0 0 0 0 0 2 21 2 5 2 0 2 0 ]{152: GETBP}
[ 4 -999 0 0 0 0 0 2 21 2 5 2 0 2 0 10 ]{153: CSTI 2}
[ 4 -999 0 0 0 0 0 2 21 2 5 2 0 2 0 10 2 ]{155: ADD}
[ 4 -999 0 0 0 0 0 2 21 2 5 2 0 2 0 12 ]{156: LDI}
[ 4 -999 0 0 0 0 0 2 21 2 5 2 0 2 0 0 ]{157: MUL}
[ 4 -999 0 0 0 0 0 2 21 2 5 2 0 2 0 ]{158: STI}
[ 4 -999 0 0 0 0 0 2 21 2 5 2 0 0 ]{159: INCSP -1}
[ 4 -999 0 0 0 0 0 2 21 2 5 2 0 ]{161: GETBP}
[ 4 -999 0 0 0 0 0 2 21 2 5 2 0 10 ]{162: CSTI 2}
[ 4 -999 0 0 0 0 0 2 21 2 5 2 0 10 2 ]{164: ADD}
[ 4 -999 0 0 0 0 0 2 21 2 5 2 0 12 ]{165: GETBP}
[ 4 -999 0 0 0 0 0 2 21 2 5 2 0 12 10 ]{166: CSTI 2}
[ 4 -999 0 0 0 0 0 2 21 2 5 2 0 12 10 2 ]{168: ADD}
[ 4 -999 0 0 0 0 0 2 21 2 5 2 0 12 12 ]{169: LDI}
[ 4 -999 0 0 0 0 0 2 21 2 5 2 0 12 0 ]{170: CSTI 1}
[ 4 -999 0 0 0 0 0 2 21 2 5 2 0 12 0 1 ]{172: ADD}
[ 4 -999 0 0 0 0 0 2 21 2 5 2 0 12 1 ]{173: STI}
[ 4 -999 0 0 0 0 0 2 21 2 5 2 1 1 ]{174: INCSP -1}
[ 4 -999 0 0 0 0 0 2 21 2 5 2 1 ]{176: GETBP}
[ 4 -999 0 0 0 0 0 2 21 2 5 2 1 10 ]{177: CSTI 2}
[ 4 -999 0 0 0 0 0 2 21 2 5 2 1 10 2 ]{179: ADD}
[ 4 -999 0 0 0 0 0 2 21 2 5 2 1 12 ]{180: LDI}
[ 4 -999 0 0 0 0 0 2 21 2 5 2 1 1 ]{181: GETBP}
[ 4 -999 0 0 0 0 0 2 21 2 5 2 1 1 10 ]{182: LDI}
[ 4 -999 0 0 0 0 0 2 21 2 5 2 1 1 5 ]{183: LT}
[ 4 -999 0 0 0 0 0 2 21 2 5 2 1 1 ]{184: IFNZRO 136}
[ 4 -999 0 0 0 0 0 2 21 2 5 2 1 ]{136: GETBP}
[ 4 -999 0 0 0 0 0 2 21 2 5 2 1 10 ]{137: CSTI 1}
[ 4 -999 0 0 0 0 0 2 21 2 5 2 1 10 1 ]{139: ADD}
[ 4 -999 0 0 0 0 0 2 21 2 5 2 1 11 ]{140: LDI}
[ 4 -999 0 0 0 0 0 2 21 2 5 2 1 2 ]{141: GETBP}
[ 4 -999 0 0 0 0 0 2 21 2 5 2 1 2 10 ]{142: CSTI 2}
[ 4 -999 0 0 0 0 0 2 21 2 5 2 1 2 10 2 ]{144: ADD}
[ 4 -999 0 0 0 0 0 2 21 2 5 2 1 2 12 ]{145: LDI}
[ 4 -999 0 0 0 0 0 2 21 2 5 2 1 2 1 ]{146: ADD}
[ 4 -999 0 0 0 0 0 2 21 2 5 2 1 3 ]{147: GETBP}
[ 4 -999 0 0 0 0 0 2 21 2 5 2 1 3 10 ]{148: CSTI 2}
[ 4 -999 0 0 0 0 0 2 21 2 5 2 1 3 10 2 ]{150: ADD}
[ 4 -999 0 0 0 0 0 2 21 2 5 2 1 3 12 ]{151: LDI}
[ 4 -999 0 0 0 0 0 2 21 2 5 2 1 3 1 ]{152: GETBP}
[ 4 -999 0 0 0 0 0 2 21 2 5 2 1 3 1 10 ]{153: CSTI 2}
[ 4 -999 0 0 0 0 0 2 21 2 5 2 1 3 1 10 2 ]{155: ADD}
[ 4 -999 0 0 0 0 0 2 21 2 5 2 1 3 1 12 ]{156: LDI}
[ 4 -999 0 0 0 0 0 2 21 2 5 2 1 3 1 1 ]{157: MUL}
[ 4 -999 0 0 0 0 0 2 21 2 5 2 1 3 1 ]{158: STI}
[ 4 -999 0 1 0 0 0 2 21 2 5 2 1 1 ]{159: INCSP -1}
[ 4 -999 0 1 0 0 0 2 21 2 5 2 1 ]{161: GETBP}
[ 4 -999 0 1 0 0 0 2 21 2 5 2 1 10 ]{162: CSTI 2}
[ 4 -999 0 1 0 0 0 2 21 2 5 2 1 10 2 ]{164: ADD}
[ 4 -999 0 1 0 0 0 2 21 2 5 2 1 12 ]{165: GETBP}
[ 4 -999 0 1 0 0 0 2 21 2 5 2 1 12 10 ]{166: CSTI 2}
[ 4 -999 0 1 0 0 0 2 21 2 5 2 1 12 10 2 ]{168: ADD}
[ 4 -999 0 1 0 0 0 2 21 2 5 2 1 12 12 ]{169: LDI}
[ 4 -999 0 1 0 0 0 2 21 2 5 2 1 12 1 ]{170: CSTI 1}
[ 4 -999 0 1 0 0 0 2 21 2 5 2 1 12 1 1 ]{172: ADD}
[ 4 -999 0 1 0 0 0 2 21 2 5 2 1 12 2 ]{173: STI}
[ 4 -999 0 1 0 0 0 2 21 2 5 2 2 2 ]{174: INCSP -1}
[ 4 -999 0 1 0 0 0 2 21 2 5 2 2 ]{176: GETBP}
[ 4 -999 0 1 0 0 0 2 21 2 5 2 2 10 ]{177: CSTI 2}
[ 4 -999 0 1 0 0 0 2 21 2 5 2 2 10 2 ]{179: ADD}
[ 4 -999 0 1 0 0 0 2 21 2 5 2 2 12 ]{180: LDI}
[ 4 -999 0 1 0 0 0 2 21 2 5 2 2 2 ]{181: GETBP}
[ 4 -999 0 1 0 0 0 2 21 2 5 2 2 2 10 ]{182: LDI}
[ 4 -999 0 1 0 0 0 2 21 2 5 2 2 2 5 ]{183: LT}
[ 4 -999 0 1 0 0 0 2 21 2 5 2 2 1 ]{184: IFNZRO 136}
[ 4 -999 0 1 0 0 0 2 21 2 5 2 2 ]{136: GETBP}
[ 4 -999 0 1 0 0 0 2 21 2 5 2 2 10 ]{137: CSTI 1}
[ 4 -999 0 1 0 0 0 2 21 2 5 2 2 10 1 ]{139: ADD}
[ 4 -999 0 1 0 0 0 2 21 2 5 2 2 11 ]{140: LDI}
[ 4 -999 0 1 0 0 0 2 21 2 5 2 2 2 ]{141: GETBP}
[ 4 -999 0 1 0 0 0 2 21 2 5 2 2 2 10 ]{142: CSTI 2}
[ 4 -999 0 1 0 0 0 2 21 2 5 2 2 2 10 2 ]{144: ADD}
[ 4 -999 0 1 0 0 0 2 21 2 5 2 2 2 12 ]{145: LDI}
[ 4 -999 0 1 0 0 0 2 21 2 5 2 2 2 2 ]{146: ADD}
[ 4 -999 0 1 0 0 0 2 21 2 5 2 2 4 ]{147: GETBP}
[ 4 -999 0 1 0 0 0 2 21 2 5 2 2 4 10 ]{148: CSTI 2}
[ 4 -999 0 1 0 0 0 2 21 2 5 2 2 4 10 2 ]{150: ADD}
[ 4 -999 0 1 0 0 0 2 21 2 5 2 2 4 12 ]{151: LDI}
[ 4 -999 0 1 0 0 0 2 21 2 5 2 2 4 2 ]{152: GETBP}
[ 4 -999 0 1 0 0 0 2 21 2 5 2 2 4 2 10 ]{153: CSTI 2}
[ 4 -999 0 1 0 0 0 2 21 2 5 2 2 4 2 10 2 ]{155: ADD}
[ 4 -999 0 1 0 0 0 2 21 2 5 2 2 4 2 12 ]{156: LDI}
[ 4 -999 0 1 0 0 0 2 21 2 5 2 2 4 2 2 ]{157: MUL}
[ 4 -999 0 1 0 0 0 2 21 2 5 2 2 4 4 ]{158: STI}
[ 4 -999 0 1 4 0 0 2 21 2 5 2 2 4 ]{159: INCSP -1}
[ 4 -999 0 1 4 0 0 2 21 2 5 2 2 ]{161: GETBP}
[ 4 -999 0 1 4 0 0 2 21 2 5 2 2 10 ]{162: CSTI 2}
[ 4 -999 0 1 4 0 0 2 21 2 5 2 2 10 2 ]{164: ADD}
[ 4 -999 0 1 4 0 0 2 21 2 5 2 2 12 ]{165: GETBP}
[ 4 -999 0 1 4 0 0 2 21 2 5 2 2 12 10 ]{166: CSTI 2}
[ 4 -999 0 1 4 0 0 2 21 2 5 2 2 12 10 2 ]{168: ADD}
[ 4 -999 0 1 4 0 0 2 21 2 5 2 2 12 12 ]{169: LDI}
[ 4 -999 0 1 4 0 0 2 21 2 5 2 2 12 2 ]{170: CSTI 1}
[ 4 -999 0 1 4 0 0 2 21 2 5 2 2 12 2 1 ]{172: ADD}
[ 4 -999 0 1 4 0 0 2 21 2 5 2 2 12 3 ]{173: STI}
[ 4 -999 0 1 4 0 0 2 21 2 5 2 3 3 ]{174: INCSP -1}
[ 4 -999 0 1 4 0 0 2 21 2 5 2 3 ]{176: GETBP}
[ 4 -999 0 1 4 0 0 2 21 2 5 2 3 10 ]{177: CSTI 2}
[ 4 -999 0 1 4 0 0 2 21 2 5 2 3 10 2 ]{179: ADD}
[ 4 -999 0 1 4 0 0 2 21 2 5 2 3 12 ]{180: LDI}
[ 4 -999 0 1 4 0 0 2 21 2 5 2 3 3 ]{181: GETBP}
[ 4 -999 0 1 4 0 0 2 21 2 5 2 3 3 10 ]{182: LDI}
[ 4 -999 0 1 4 0 0 2 21 2 5 2 3 3 5 ]{183: LT}
[ 4 -999 0 1 4 0 0 2 21 2 5 2 3 1 ]{184: IFNZRO 136}
[ 4 -999 0 1 4 0 0 2 21 2 5 2 3 ]{136: GETBP}
[ 4 -999 0 1 4 0 0 2 21 2 5 2 3 10 ]{137: CSTI 1}
[ 4 -999 0 1 4 0 0 2 21 2 5 2 3 10 1 ]{139: ADD}
[ 4 -999 0 1 4 0 0 2 21 2 5 2 3 11 ]{140: LDI}
[ 4 -999 0 1 4 0 0 2 21 2 5 2 3 2 ]{141: GETBP}
[ 4 -999 0 1 4 0 0 2 21 2 5 2 3 2 10 ]{142: CSTI 2}
[ 4 -999 0 1 4 0 0 2 21 2 5 2 3 2 10 2 ]{144: ADD}
[ 4 -999 0 1 4 0 0 2 21 2 5 2 3 2 12 ]{145: LDI}
[ 4 -999 0 1 4 0 0 2 21 2 5 2 3 2 3 ]{146: ADD}
[ 4 -999 0 1 4 0 0 2 21 2 5 2 3 5 ]{147: GETBP}
[ 4 -999 0 1 4 0 0 2 21 2 5 2 3 5 10 ]{148: CSTI 2}
[ 4 -999 0 1 4 0 0 2 21 2 5 2 3 5 10 2 ]{150: ADD}
[ 4 -999 0 1 4 0 0 2 21 2 5 2 3 5 12 ]{151: LDI}
[ 4 -999 0 1 4 0 0 2 21 2 5 2 3 5 3 ]{152: GETBP}
[ 4 -999 0 1 4 0 0 2 21 2 5 2 3 5 3 10 ]{153: CSTI 2}
[ 4 -999 0 1 4 0 0 2 21 2 5 2 3 5 3 10 2 ]{155: ADD}
[ 4 -999 0 1 4 0 0 2 21 2 5 2 3 5 3 12 ]{156: LDI}
[ 4 -999 0 1 4 0 0 2 21 2 5 2 3 5 3 3 ]{157: MUL}
[ 4 -999 0 1 4 0 0 2 21 2 5 2 3 5 9 ]{158: STI}
[ 4 -999 0 1 4 9 0 2 21 2 5 2 3 9 ]{159: INCSP -1}
[ 4 -999 0 1 4 9 0 2 21 2 5 2 3 ]{161: GETBP}
[ 4 -999 0 1 4 9 0 2 21 2 5 2 3 10 ]{162: CSTI 2}
[ 4 -999 0 1 4 9 0 2 21 2 5 2 3 10 2 ]{164: ADD}
[ 4 -999 0 1 4 9 0 2 21 2 5 2 3 12 ]{165: GETBP}
[ 4 -999 0 1 4 9 0 2 21 2 5 2 3 12 10 ]{166: CSTI 2}
[ 4 -999 0 1 4 9 0 2 21 2 5 2 3 12 10 2 ]{168: ADD}
[ 4 -999 0 1 4 9 0 2 21 2 5 2 3 12 12 ]{169: LDI}
[ 4 -999 0 1 4 9 0 2 21 2 5 2 3 12 3 ]{170: CSTI 1}
[ 4 -999 0 1 4 9 0 2 21 2 5 2 3 12 3 1 ]{172: ADD}
[ 4 -999 0 1 4 9 0 2 21 2 5 2 3 12 4 ]{173: STI}
[ 4 -999 0 1 4 9 0 2 21 2 5 2 4 4 ]{174: INCSP -1}
[ 4 -999 0 1 4 9 0 2 21 2 5 2 4 ]{176: GETBP}
[ 4 -999 0 1 4 9 0 2 21 2 5 2 4 10 ]{177: CSTI 2}
[ 4 -999 0 1 4 9 0 2 21 2 5 2 4 10 2 ]{179: ADD}
[ 4 -999 0 1 4 9 0 2 21 2 5 2 4 12 ]{180: LDI}
[ 4 -999 0 1 4 9 0 2 21 2 5 2 4 4 ]{181: GETBP}
[ 4 -999 0 1 4 9 0 2 21 2 5 2 4 4 10 ]{182: LDI}
[ 4 -999 0 1 4 9 0 2 21 2 5 2 4 4 5 ]{183: LT}
[ 4 -999 0 1 4 9 0 2 21 2 5 2 4 1 ]{184: IFNZRO 136}
[ 4 -999 0 1 4 9 0 2 21 2 5 2 4 ]{136: GETBP}
[ 4 -999 0 1 4 9 0 2 21 2 5 2 4 10 ]{137: CSTI 1}
[ 4 -999 0 1 4 9 0 2 21 2 5 2 4 10 1 ]{139: ADD}
[ 4 -999 0 1 4 9 0 2 21 2 5 2 4 11 ]{140: LDI}
[ 4 -999 0 1 4 9 0 2 21 2 5 2 4 2 ]{141: GETBP}
[ 4 -999 0 1 4 9 0 2 21 2 5 2 4 2 10 ]{142: CSTI 2}
[ 4 -999 0 1 4 9 0 2 21 2 5 2 4 2 10 2 ]{144: ADD}
[ 4 -999 0 1 4 9 0 2 21 2 5 2 4 2 12 ]{145: LDI}
[ 4 -999 0 1 4 9 0 2 21 2 5 2 4 2 4 ]{146: ADD}
[ 4 -999 0 1 4 9 0 2 21 2 5 2 4 6 ]{147: GETBP}
[ 4 -999 0 1 4 9 0 2 21 2 5 2 4 6 10 ]{148: CSTI 2}
[ 4 -999 0 1 4 9 0 2 21 2 5 2 4 6 10 2 ]{150: ADD}
[ 4 -999 0 1 4 9 0 2 21 2 5 2 4 6 12 ]{151: LDI}
[ 4 -999 0 1 4 9 0 2 21 2 5 2 4 6 4 ]{152: GETBP}
[ 4 -999 0 1 4 9 0 2 21 2 5 2 4 6 4 10 ]{153: CSTI 2}
[ 4 -999 0 1 4 9 0 2 21 2 5 2 4 6 4 10 2 ]{155: ADD}
[ 4 -999 0 1 4 9 0 2 21 2 5 2 4 6 4 12 ]{156: LDI}
[ 4 -999 0 1 4 9 0 2 21 2 5 2 4 6 4 4 ]{157: MUL}
[ 4 -999 0 1 4 9 0 2 21 2 5 2 4 6 16 ]{158: STI}
[ 4 -999 0 1 4 9 16 2 21 2 5 2 4 16 ]{159: INCSP -1}
[ 4 -999 0 1 4 9 16 2 21 2 5 2 4 ]{161: GETBP}
[ 4 -999 0 1 4 9 16 2 21 2 5 2 4 10 ]{162: CSTI 2}
[ 4 -999 0 1 4 9 16 2 21 2 5 2 4 10 2 ]{164: ADD}
[ 4 -999 0 1 4 9 16 2 21 2 5 2 4 12 ]{165: GETBP}
[ 4 -999 0 1 4 9 16 2 21 2 5 2 4 12 10 ]{166: CSTI 2}
[ 4 -999 0 1 4 9 16 2 21 2 5 2 4 12 10 2 ]{168: ADD}
[ 4 -999 0 1 4 9 16 2 21 2 5 2 4 12 12 ]{169: LDI}
[ 4 -999 0 1 4 9 16 2 21 2 5 2 4 12 4 ]{170: CSTI 1}
[ 4 -999 0 1 4 9 16 2 21 2 5 2 4 12 4 1 ]{172: ADD}
[ 4 -999 0 1 4 9 16 2 21 2 5 2 4 12 5 ]{173: STI}
[ 4 -999 0 1 4 9 16 2 21 2 5 2 5 5 ]{174: INCSP -1}
[ 4 -999 0 1 4 9 16 2 21 2 5 2 5 ]{176: GETBP}
[ 4 -999 0 1 4 9 16 2 21 2 5 2 5 10 ]{177: CSTI 2}
[ 4 -999 0 1 4 9 16 2 21 2 5 2 5 10 2 ]{179: ADD}
[ 4 -999 0 1 4 9 16 2 21 2 5 2 5 12 ]{180: LDI}
[ 4 -999 0 1 4 9 16 2 21 2 5 2 5 5 ]{181: GETBP}
[ 4 -999 0 1 4 9 16 2 21 2 5 2 5 5 10 ]{182: LDI}
[ 4 -999 0 1 4 9 16 2 21 2 5 2 5 5 5 ]{183: LT}
[ 4 -999 0 1 4 9 16 2 21 2 5 2 5 0 ]{184: IFNZRO 136}
[ 4 -999 0 1 4 9 16 2 21 2 5 2 5 ]{186: RET 2}
[ 4 -999 0 1 4 9 16 2 5 ]{21: CSTI 5}
[ 4 -999 0 1 4 9 16 2 5 5 ]{23: GETBP}
[ 4 -999 0 1 4 9 16 2 5 5 2 ]{24: CSTI 5}
[ 4 -999 0 1 4 9 16 2 5 5 2 5 ]{26: ADD}
[ 4 -999 0 1 4 9 16 2 5 5 7 ]{27: LDI}
[ 4 -999 0 1 4 9 16 2 5 5 2 ]{28: GETBP}
[ 4 -999 0 1 4 9 16 2 5 5 2 2 ]{29: CSTI 6}
[ 4 -999 0 1 4 9 16 2 5 5 2 2 6 ]{31: ADD}
[ 4 -999 0 1 4 9 16 2 5 5 2 8 ]{32: CALL 3 50}
[ 4 -999 0 1 4 9 16 2 5 35 2 5 2 8 ]{50: GETBP}
[ 4 -999 0 1 4 9 16 2 5 35 2 5 2 8 11 ]{51: CSTI 2}
[ 4 -999 0 1 4 9 16 2 5 35 2 5 2 8 11 2 ]{53: ADD}
[ 4 -999 0 1 4 9 16 2 5 35 2 5 2 8 13 ]{54: LDI}
[ 4 -999 0 1 4 9 16 2 5 35 2 5 2 8 8 ]{55: CSTI 0}
[ 4 -999 0 1 4 9 16 2 5 35 2 5 2 8 8 0 ]{57: STI}
[ 4 -999 0 1 4 9 16 2 0 35 2 5 2 8 0 ]{58: GETBP}
[ 4 -999 0 1 4 9 16 2 0 35 2 5 2 8 0 11 ]{59: CSTI 3}
[ 4 -999 0 1 4 9 16 2 0 35 2 5 2 8 0 11 3 ]{61: ADD}
[ 4 -999 0 1 4 9 16 2 0 35 2 5 2 8 0 14 ]{62: CSTI 0}
[ 4 -999 0 1 4 9 16 2 0 35 2 5 2 8 0 14 0 ]{64: STI}
[ 4 -999 0 1 4 9 16 2 0 35 2 5 2 8 0 0 ]{65: INCSP -1}
[ 4 -999 0 1 4 9 16 2 0 35 2 5 2 8 0 ]{67: GOTO 111}
[ 4 -999 0 1 4 9 16 2 0 35 2 5 2 8 0 ]{111: GETBP}
[ 4 -999 0 1 4 9 16 2 0 35 2 5 2 8 0 11 ]{112: CSTI 3}
[ 4 -999 0 1 4 9 16 2 0 35 2 5 2 8 0 11 3 ]{114: ADD}
[ 4 -999 0 1 4 9 16 2 0 35 2 5 2 8 0 14 ]{115: LDI}
[ 4 -999 0 1 4 9 16 2 0 35 2 5 2 8 0 0 ]{116: GETBP}
[ 4 -999 0 1 4 9 16 2 0 35 2 5 2 8 0 0 11 ]{117: LDI}
[ 4 -999 0 1 4 9 16 2 0 35 2 5 2 8 0 0 5 ]{118: LT}
[ 4 -999 0 1 4 9 16 2 0 35 2 5 2 8 0 1 ]{119: IFNZRO 69}
[ 4 -999 0 1 4 9 16 2 0 35 2 5 2 8 0 ]{69: GETBP}
[ 4 -999 0 1 4 9 16 2 0 35 2 5 2 8 0 11 ]{70: CSTI 2}
[ 4 -999 0 1 4 9 16 2 0 35 2 5 2 8 0 11 2 ]{72: ADD}
[ 4 -999 0 1 4 9 16 2 0 35 2 5 2 8 0 13 ]{73: LDI}
[ 4 -999 0 1 4 9 16 2 0 35 2 5 2 8 0 8 ]{74: GETBP}
[ 4 -999 0 1 4 9 16 2 0 35 2 5 2 8 0 8 11 ]{75: CSTI 2}
[ 4 -999 0 1 4 9 16 2 0 35 2 5 2 8 0 8 11 2 ]{77: ADD}
[ 4 -999 0 1 4 9 16 2 0 35 2 5 2 8 0 8 13 ]{78: LDI}
[ 4 -999 0 1 4 9 16 2 0 35 2 5 2 8 0 8 8 ]{79: LDI}
[ 4 -999 0 1 4 9 16 2 0 35 2 5 2 8 0 8 0 ]{80: GETBP}
[ 4 -999 0 1 4 9 16 2 0 35 2 5 2 8 0 8 0 11 ]{81: CSTI 1}
[ 4 -999 0 1 4 9 16 2 0 35 2 5 2 8 0 8 0 11 1 ]{83: ADD}
[ 4 -999 0 1 4 9 16 2 0 35 2 5 2 8 0 8 0 12 ]{84: LDI}
[ 4 -999 0 1 4 9 16 2 0 35 2 5 2 8 0 8 0 2 ]{85: GETBP}
[ 4 -999 0 1 4 9 16 2 0 35 2 5 2 8 0 8 0 2 11 ]{86: CSTI 3}
[ 4 -999 0 1 4 9 16 2 0 35 2 5 2 8 0 8 0 2 11 3 ]{88: ADD}
[ 4 -999 0 1 4 9 16 2 0 35 2 5 2 8 0 8 0 2 14 ]{89: LDI}
[ 4 -999 0 1 4 9 16 2 0 35 2 5 2 8 0 8 0 2 0 ]{90: ADD}
[ 4 -999 0 1 4 9 16 2 0 35 2 5 2 8 0 8 0 2 ]{91: LDI}
[ 4 -999 0 1 4 9 16 2 0 35 2 5 2 8 0 8 0 0 ]{92: ADD}
[ 4 -999 0 1 4 9 16 2 0 35 2 5 2 8 0 8 0 ]{93: STI}
[ 4 -999 0 1 4 9 16 2 0 35 2 5 2 8 0 0 ]{94: INCSP -1}
[ 4 -999 0 1 4 9 16 2 0 35 2 5 2 8 0 ]{96: GETBP}
[ 4 -999 0 1 4 9 16 2 0 35 2 5 2 8 0 11 ]{97: CSTI 3}
[ 4 -999 0 1 4 9 16 2 0 35 2 5 2 8 0 11 3 ]{99: ADD}
[ 4 -999 0 1 4 9 16 2 0 35 2 5 2 8 0 14 ]{100: GETBP}
[ 4 -999 0 1 4 9 16 2 0 35 2 5 2 8 0 14 11 ]{101: CSTI 3}
[ 4 -999 0 1 4 9 16 2 0 35 2 5 2 8 0 14 11 3 ]{103: ADD}
[ 4 -999 0 1 4 9 16 2 0 35 2 5 2 8 0 14 14 ]{104: LDI}
[ 4 -999 0 1 4 9 16 2 0 35 2 5 2 8 0 14 0 ]{105: CSTI 1}
[ 4 -999 0 1 4 9 16 2 0 35 2 5 2 8 0 14 0 1 ]{107: ADD}
[ 4 -999 0 1 4 9 16 2 0 35 2 5 2 8 0 14 1 ]{108: STI}
[ 4 -999 0 1 4 9 16 2 0 35 2 5 2 8 1 1 ]{109: INCSP -1}
[ 4 -999 0 1 4 9 16 2 0 35 2 5 2 8 1 ]{111: GETBP}
[ 4 -999 0 1 4 9 16 2 0 35 2 5 2 8 1 11 ]{112: CSTI 3}
[ 4 -999 0 1 4 9 16 2 0 35 2 5 2 8 1 11 3 ]{114: ADD}
[ 4 -999 0 1 4 9 16 2 0 35 2 5 2 8 1 14 ]{115: LDI}
[ 4 -999 0 1 4 9 16 2 0 35 2 5 2 8 1 1 ]{116: GETBP}
[ 4 -999 0 1 4 9 16 2 0 35 2 5 2 8 1 1 11 ]{117: LDI}
[ 4 -999 0 1 4 9 16 2 0 35 2 5 2 8 1 1 5 ]{118: LT}
[ 4 -999 0 1 4 9 16 2 0 35 2 5 2 8 1 1 ]{119: IFNZRO 69}
[ 4 -999 0 1 4 9 16 2 0 35 2 5 2 8 1 ]{69: GETBP}
[ 4 -999 0 1 4 9 16 2 0 35 2 5 2 8 1 11 ]{70: CSTI 2}
[ 4 -999 0 1 4 9 16 2 0 35 2 5 2 8 1 11 2 ]{72: ADD}
[ 4 -999 0 1 4 9 16 2 0 35 2 5 2 8 1 13 ]{73: LDI}
[ 4 -999 0 1 4 9 16 2 0 35 2 5 2 8 1 8 ]{74: GETBP}
[ 4 -999 0 1 4 9 16 2 0 35 2 5 2 8 1 8 11 ]{75: CSTI 2}
[ 4 -999 0 1 4 9 16 2 0 35 2 5 2 8 1 8 11 2 ]{77: ADD}
[ 4 -999 0 1 4 9 16 2 0 35 2 5 2 8 1 8 13 ]{78: LDI}
[ 4 -999 0 1 4 9 16 2 0 35 2 5 2 8 1 8 8 ]{79: LDI}
[ 4 -999 0 1 4 9 16 2 0 35 2 5 2 8 1 8 0 ]{80: GETBP}
[ 4 -999 0 1 4 9 16 2 0 35 2 5 2 8 1 8 0 11 ]{81: CSTI 1}
[ 4 -999 0 1 4 9 16 2 0 35 2 5 2 8 1 8 0 11 1 ]{83: ADD}
[ 4 -999 0 1 4 9 16 2 0 35 2 5 2 8 1 8 0 12 ]{84: LDI}
[ 4 -999 0 1 4 9 16 2 0 35 2 5 2 8 1 8 0 2 ]{85: GETBP}
[ 4 -999 0 1 4 9 16 2 0 35 2 5 2 8 1 8 0 2 11 ]{86: CSTI 3}
[ 4 -999 0 1 4 9 16 2 0 35 2 5 2 8 1 8 0 2 11 3 ]{88: ADD}
[ 4 -999 0 1 4 9 16 2 0 35 2 5 2 8 1 8 0 2 14 ]{89: LDI}
[ 4 -999 0 1 4 9 16 2 0 35 2 5 2 8 1 8 0 2 1 ]{90: ADD}
[ 4 -999 0 1 4 9 16 2 0 35 2 5 2 8 1 8 0 3 ]{91: LDI}
[ 4 -999 0 1 4 9 16 2 0 35 2 5 2 8 1 8 0 1 ]{92: ADD}
[ 4 -999 0 1 4 9 16 2 0 35 2 5 2 8 1 8 1 ]{93: STI}
[ 4 -999 0 1 4 9 16 2 1 35 2 5 2 8 1 1 ]{94: INCSP -1}
[ 4 -999 0 1 4 9 16 2 1 35 2 5 2 8 1 ]{96: GETBP}
[ 4 -999 0 1 4 9 16 2 1 35 2 5 2 8 1 11 ]{97: CSTI 3}
[ 4 -999 0 1 4 9 16 2 1 35 2 5 2 8 1 11 3 ]{99: ADD}
[ 4 -999 0 1 4 9 16 2 1 35 2 5 2 8 1 14 ]{100: GETBP}
[ 4 -999 0 1 4 9 16 2 1 35 2 5 2 8 1 14 11 ]{101: CSTI 3}
[ 4 -999 0 1 4 9 16 2 1 35 2 5 2 8 1 14 11 3 ]{103: ADD}
[ 4 -999 0 1 4 9 16 2 1 35 2 5 2 8 1 14 14 ]{104: LDI}
[ 4 -999 0 1 4 9 16 2 1 35 2 5 2 8 1 14 1 ]{105: CSTI 1}
[ 4 -999 0 1 4 9 16 2 1 35 2 5 2 8 1 14 1 1 ]{107: ADD}
[ 4 -999 0 1 4 9 16 2 1 35 2 5 2 8 1 14 2 ]{108: STI}
[ 4 -999 0 1 4 9 16 2 1 35 2 5 2 8 2 2 ]{109: INCSP -1}
[ 4 -999 0 1 4 9 16 2 1 35 2 5 2 8 2 ]{111: GETBP}
[ 4 -999 0 1 4 9 16 2 1 35 2 5 2 8 2 11 ]{112: CSTI 3}
[ 4 -999 0 1 4 9 16 2 1 35 2 5 2 8 2 11 3 ]{114: ADD}
[ 4 -999 0 1 4 9 16 2 1 35 2 5 2 8 2 14 ]{115: LDI}
[ 4 -999 0 1 4 9 16 2 1 35 2 5 2 8 2 2 ]{116: GETBP}
[ 4 -999 0 1 4 9 16 2 1 35 2 5 2 8 2 2 11 ]{117: LDI}
[ 4 -999 0 1 4 9 16 2 1 35 2 5 2 8 2 2 5 ]{118: LT}
[ 4 -999 0 1 4 9 16 2 1 35 2 5 2 8 2 1 ]{119: IFNZRO 69}
[ 4 -999 0 1 4 9 16 2 1 35 2 5 2 8 2 ]{69: GETBP}
[ 4 -999 0 1 4 9 16 2 1 35 2 5 2 8 2 11 ]{70: CSTI 2}
[ 4 -999 0 1 4 9 16 2 1 35 2 5 2 8 2 11 2 ]{72: ADD}
[ 4 -999 0 1 4 9 16 2 1 35 2 5 2 8 2 13 ]{73: LDI}
[ 4 -999 0 1 4 9 16 2 1 35 2 5 2 8 2 8 ]{74: GETBP}
[ 4 -999 0 1 4 9 16 2 1 35 2 5 2 8 2 8 11 ]{75: CSTI 2}
[ 4 -999 0 1 4 9 16 2 1 35 2 5 2 8 2 8 11 2 ]{77: ADD}
[ 4 -999 0 1 4 9 16 2 1 35 2 5 2 8 2 8 13 ]{78: LDI}
[ 4 -999 0 1 4 9 16 2 1 35 2 5 2 8 2 8 8 ]{79: LDI}
[ 4 -999 0 1 4 9 16 2 1 35 2 5 2 8 2 8 1 ]{80: GETBP}
[ 4 -999 0 1 4 9 16 2 1 35 2 5 2 8 2 8 1 11 ]{81: CSTI 1}
[ 4 -999 0 1 4 9 16 2 1 35 2 5 2 8 2 8 1 11 1 ]{83: ADD}
[ 4 -999 0 1 4 9 16 2 1 35 2 5 2 8 2 8 1 12 ]{84: LDI}
[ 4 -999 0 1 4 9 16 2 1 35 2 5 2 8 2 8 1 2 ]{85: GETBP}
[ 4 -999 0 1 4 9 16 2 1 35 2 5 2 8 2 8 1 2 11 ]{86: CSTI 3}
[ 4 -999 0 1 4 9 16 2 1 35 2 5 2 8 2 8 1 2 11 3 ]{88: ADD}
[ 4 -999 0 1 4 9 16 2 1 35 2 5 2 8 2 8 1 2 14 ]{89: LDI}
[ 4 -999 0 1 4 9 16 2 1 35 2 5 2 8 2 8 1 2 2 ]{90: ADD}
[ 4 -999 0 1 4 9 16 2 1 35 2 5 2 8 2 8 1 4 ]{91: LDI}
[ 4 -999 0 1 4 9 16 2 1 35 2 5 2 8 2 8 1 4 ]{92: ADD}
[ 4 -999 0 1 4 9 16 2 1 35 2 5 2 8 2 8 5 ]{93: STI}
[ 4 -999 0 1 4 9 16 2 5 35 2 5 2 8 2 5 ]{94: INCSP -1}
[ 4 -999 0 1 4 9 16 2 5 35 2 5 2 8 2 ]{96: GETBP}
[ 4 -999 0 1 4 9 16 2 5 35 2 5 2 8 2 11 ]{97: CSTI 3}
[ 4 -999 0 1 4 9 16 2 5 35 2 5 2 8 2 11 3 ]{99: ADD}
[ 4 -999 0 1 4 9 16 2 5 35 2 5 2 8 2 14 ]{100: GETBP}
[ 4 -999 0 1 4 9 16 2 5 35 2 5 2 8 2 14 11 ]{101: CSTI 3}
[ 4 -999 0 1 4 9 16 2 5 35 2 5 2 8 2 14 11 3 ]{103: ADD}
[ 4 -999 0 1 4 9 16 2 5 35 2 5 2 8 2 14 14 ]{104: LDI}
[ 4 -999 0 1 4 9 16 2 5 35 2 5 2 8 2 14 2 ]{105: CSTI 1}
[ 4 -999 0 1 4 9 16 2 5 35 2 5 2 8 2 14 2 1 ]{107: ADD}
[ 4 -999 0 1 4 9 16 2 5 35 2 5 2 8 2 14 3 ]{108: STI}
[ 4 -999 0 1 4 9 16 2 5 35 2 5 2 8 3 3 ]{109: INCSP -1}
[ 4 -999 0 1 4 9 16 2 5 35 2 5 2 8 3 ]{111: GETBP}
[ 4 -999 0 1 4 9 16 2 5 35 2 5 2 8 3 11 ]{112: CSTI 3}
[ 4 -999 0 1 4 9 16 2 5 35 2 5 2 8 3 11 3 ]{114: ADD}
[ 4 -999 0 1 4 9 16 2 5 35 2 5 2 8 3 14 ]{115: LDI}
[ 4 -999 0 1 4 9 16 2 5 35 2 5 2 8 3 3 ]{116: GETBP}
[ 4 -999 0 1 4 9 16 2 5 35 2 5 2 8 3 3 11 ]{117: LDI}
[ 4 -999 0 1 4 9 16 2 5 35 2 5 2 8 3 3 5 ]{118: LT}
[ 4 -999 0 1 4 9 16 2 5 35 2 5 2 8 3 1 ]{119: IFNZRO 69}
[ 4 -999 0 1 4 9 16 2 5 35 2 5 2 8 3 ]{69: GETBP}
[ 4 -999 0 1 4 9 16 2 5 35 2 5 2 8 3 11 ]{70: CSTI 2}
[ 4 -999 0 1 4 9 16 2 5 35 2 5 2 8 3 11 2 ]{72: ADD}
[ 4 -999 0 1 4 9 16 2 5 35 2 5 2 8 3 13 ]{73: LDI}
[ 4 -999 0 1 4 9 16 2 5 35 2 5 2 8 3 8 ]{74: GETBP}
[ 4 -999 0 1 4 9 16 2 5 35 2 5 2 8 3 8 11 ]{75: CSTI 2}
[ 4 -999 0 1 4 9 16 2 5 35 2 5 2 8 3 8 11 2 ]{77: ADD}
[ 4 -999 0 1 4 9 16 2 5 35 2 5 2 8 3 8 13 ]{78: LDI}
[ 4 -999 0 1 4 9 16 2 5 35 2 5 2 8 3 8 8 ]{79: LDI}
[ 4 -999 0 1 4 9 16 2 5 35 2 5 2 8 3 8 5 ]{80: GETBP}
[ 4 -999 0 1 4 9 16 2 5 35 2 5 2 8 3 8 5 11 ]{81: CSTI 1}
[ 4 -999 0 1 4 9 16 2 5 35 2 5 2 8 3 8 5 11 1 ]{83: ADD}
[ 4 -999 0 1 4 9 16 2 5 35 2 5 2 8 3 8 5 12 ]{84: LDI}
[ 4 -999 0 1 4 9 16 2 5 35 2 5 2 8 3 8 5 2 ]{85: GETBP}
[ 4 -999 0 1 4 9 16 2 5 35 2 5 2 8 3 8 5 2 11 ]{86: CSTI 3}
[ 4 -999 0 1 4 9 16 2 5 35 2 5 2 8 3 8 5 2 11 3 ]{88: ADD}
[ 4 -999 0 1 4 9 16 2 5 35 2 5 2 8 3 8 5 2 14 ]{89: LDI}
[ 4 -999 0 1 4 9 16 2 5 35 2 5 2 8 3 8 5 2 3 ]{90: ADD}
[ 4 -999 0 1 4 9 16 2 5 35 2 5 2 8 3 8 5 5 ]{91: LDI}
[ 4 -999 0 1 4 9 16 2 5 35 2 5 2 8 3 8 5 9 ]{92: ADD}
[ 4 -999 0 1 4 9 16 2 5 35 2 5 2 8 3 8 14 ]{93: STI}
[ 4 -999 0 1 4 9 16 2 14 35 2 5 2 8 3 14 ]{94: INCSP -1}
[ 4 -999 0 1 4 9 16 2 14 35 2 5 2 8 3 ]{96: GETBP}
[ 4 -999 0 1 4 9 16 2 14 35 2 5 2 8 3 11 ]{97: CSTI 3}
[ 4 -999 0 1 4 9 16 2 14 35 2 5 2 8 3 11 3 ]{99: ADD}
[ 4 -999 0 1 4 9 16 2 14 35 2 5 2 8 3 14 ]{100: GETBP}
[ 4 -999 0 1 4 9 16 2 14 35 2 5 2 8 3 14 11 ]{101: CSTI 3}
[ 4 -999 0 1 4 9 16 2 14 35 2 5 2 8 3 14 11 3 ]{103: ADD}
[ 4 -999 0 1 4 9 16 2 14 35 2 5 2 8 3 14 14 ]{104: LDI}
[ 4 -999 0 1 4 9 16 2 14 35 2 5 2 8 3 14 3 ]{105: CSTI 1}
[ 4 -999 0 1 4 9 16 2 14 35 2 5 2 8 3 14 3 1 ]{107: ADD}
[ 4 -999 0 1 4 9 16 2 14 35 2 5 2 8 3 14 4 ]{108: STI}
[ 4 -999 0 1 4 9 16 2 14 35 2 5 2 8 4 4 ]{109: INCSP -1}
[ 4 -999 0 1 4 9 16 2 14 35 2 5 2 8 4 ]{111: GETBP}
[ 4 -999 0 1 4 9 16 2 14 35 2 5 2 8 4 11 ]{112: CSTI 3}
[ 4 -999 0 1 4 9 16 2 14 35 2 5 2 8 4 11 3 ]{114: ADD}
[ 4 -999 0 1 4 9 16 2 14 35 2 5 2 8 4 14 ]{115: LDI}
[ 4 -999 0 1 4 9 16 2 14 35 2 5 2 8 4 4 ]{116: GETBP}
[ 4 -999 0 1 4 9 16 2 14 35 2 5 2 8 4 4 11 ]{117: LDI}
[ 4 -999 0 1 4 9 16 2 14 35 2 5 2 8 4 4 5 ]{118: LT}
[ 4 -999 0 1 4 9 16 2 14 35 2 5 2 8 4 1 ]{119: IFNZRO 69}
[ 4 -999 0 1 4 9 16 2 14 35 2 5 2 8 4 ]{69: GETBP}
[ 4 -999 0 1 4 9 16 2 14 35 2 5 2 8 4 11 ]{70: CSTI 2}
[ 4 -999 0 1 4 9 16 2 14 35 2 5 2 8 4 11 2 ]{72: ADD}
[ 4 -999 0 1 4 9 16 2 14 35 2 5 2 8 4 13 ]{73: LDI}
[ 4 -999 0 1 4 9 16 2 14 35 2 5 2 8 4 8 ]{74: GETBP}
[ 4 -999 0 1 4 9 16 2 14 35 2 5 2 8 4 8 11 ]{75: CSTI 2}
[ 4 -999 0 1 4 9 16 2 14 35 2 5 2 8 4 8 11 2 ]{77: ADD}
[ 4 -999 0 1 4 9 16 2 14 35 2 5 2 8 4 8 13 ]{78: LDI}
[ 4 -999 0 1 4 9 16 2 14 35 2 5 2 8 4 8 8 ]{79: LDI}
[ 4 -999 0 1 4 9 16 2 14 35 2 5 2 8 4 8 14 ]{80: GETBP}
[ 4 -999 0 1 4 9 16 2 14 35 2 5 2 8 4 8 14 11 ]{81: CSTI 1}
[ 4 -999 0 1 4 9 16 2 14 35 2 5 2 8 4 8 14 11 1 ]{83: ADD}
[ 4 -999 0 1 4 9 16 2 14 35 2 5 2 8 4 8 14 12 ]{84: LDI}
[ 4 -999 0 1 4 9 16 2 14 35 2 5 2 8 4 8 14 2 ]{85: GETBP}
[ 4 -999 0 1 4 9 16 2 14 35 2 5 2 8 4 8 14 2 11 ]{86: CSTI 3}
[ 4 -999 0 1 4 9 16 2 14 35 2 5 2 8 4 8 14 2 11 3 ]{88: ADD}
[ 4 -999 0 1 4 9 16 2 14 35 2 5 2 8 4 8 14 2 14 ]{89: LDI}
[ 4 -999 0 1 4 9 16 2 14 35 2 5 2 8 4 8 14 2 4 ]{90: ADD}
[ 4 -999 0 1 4 9 16 2 14 35 2 5 2 8 4 8 14 6 ]{91: LDI}
[ 4 -999 0 1 4 9 16 2 14 35 2 5 2 8 4 8 14 16 ]{92: ADD}
[ 4 -999 0 1 4 9 16 2 14 35 2 5 2 8 4 8 30 ]{93: STI}
[ 4 -999 0 1 4 9 16 2 30 35 2 5 2 8 4 30 ]{94: INCSP -1}
[ 4 -999 0 1 4 9 16 2 30 35 2 5 2 8 4 ]{96: GETBP}
[ 4 -999 0 1 4 9 16 2 30 35 2 5 2 8 4 11 ]{97: CSTI 3}
[ 4 -999 0 1 4 9 16 2 30 35 2 5 2 8 4 11 3 ]{99: ADD}
[ 4 -999 0 1 4 9 16 2 30 35 2 5 2 8 4 14 ]{100: GETBP}
[ 4 -999 0 1 4 9 16 2 30 35 2 5 2 8 4 14 11 ]{101: CSTI 3}
[ 4 -999 0 1 4 9 16 2 30 35 2 5 2 8 4 14 11 3 ]{103: ADD}
[ 4 -999 0 1 4 9 16 2 30 35 2 5 2 8 4 14 14 ]{104: LDI}
[ 4 -999 0 1 4 9 16 2 30 35 2 5 2 8 4 14 4 ]{105: CSTI 1}
[ 4 -999 0 1 4 9 16 2 30 35 2 5 2 8 4 14 4 1 ]{107: ADD}
[ 4 -999 0 1 4 9 16 2 30 35 2 5 2 8 4 14 5 ]{108: STI}
[ 4 -999 0 1 4 9 16 2 30 35 2 5 2 8 5 5 ]{109: INCSP -1}
[ 4 -999 0 1 4 9 16 2 30 35 2 5 2 8 5 ]{111: GETBP}
[ 4 -999 0 1 4 9 16 2 30 35 2 5 2 8 5 11 ]{112: CSTI 3}
[ 4 -999 0 1 4 9 16 2 30 35 2 5 2 8 5 11 3 ]{114: ADD}
[ 4 -999 0 1 4 9 16 2 30 35 2 5 2 8 5 14 ]{115: LDI}
[ 4 -999 0 1 4 9 16 2 30 35 2 5 2 8 5 5 ]{116: GETBP}
[ 4 -999 0 1 4 9 16 2 30 35 2 5 2 8 5 5 11 ]{117: LDI}
[ 4 -999 0 1 4 9 16 2 30 35 2 5 2 8 5 5 5 ]{118: LT}
[ 4 -999 0 1 4 9 16 2 30 35 2 5 2 8 5 0 ]{119: IFNZRO 69}
[ 4 -999 0 1 4 9 16 2 30 35 2 5 2 8 5 ]{121: RET 3}
[ 4 -999 0 1 4 9 16 2 30 5 ]{35: INCSP -1}
[ 4 -999 0 1 4 9 16 2 30 ]{37: GETBP}
[ 4 -999 0 1 4 9 16 2 30 2 ]{38: CSTI 6}
[ 4 -999 0 1 4 9 16 2 30 2 6 ]{40: ADD}
[ 4 -999 0 1 4 9 16 2 30 8 ]{41: LDI}
[ 4 -999 0 1 4 9 16 2 30 30 ]{42: PRINTI}
30 [ 4 -999 0 1 4 9 16 2 30 30 ]{43: INCSP -1}
[ 4 -999 0 1 4 9 16 2 30 ]{45: CSTI 10}
[ 4 -999 0 1 4 9 16 2 30 10 ]{47: PRINTC}

[ 4 -999 0 1 4 9 16 2 30 10 ]{48: RET 7}
[ 10 ]{4: STOP}
